{"F:\\mony\\pc\\super-util\\pkgs\\vx-hooks\\lib\\index.js": {"path":"F:\\mony\\pc\\super-util\\pkgs\\vx-hooks\\lib\\index.js","statementMap":{"0":{"start":{"line":1,"column":0},"end":{"line":271,"column":5}},"1":{"start":{"line":2,"column":2},"end":{"line":4,"column":123}},"2":{"start":{"line":8,"column":26},"end":{"line":8,"column":71}},"3":{"start":{"line":9,"column":20},"end":{"line":9,"column":40}},"4":{"start":{"line":10,"column":33},"end":{"line":10,"column":121}},"5":{"start":{"line":10,"column":54},"end":{"line":10,"column":118}},"6":{"start":{"line":12,"column":10},"end":{"line":14,"column":11}},"7":{"start":{"line":13,"column":14},"end":{"line":13,"column":91}},"8":{"start":{"line":15,"column":10},"end":{"line":15,"column":93}},"9":{"start":{"line":17,"column":22},"end":{"line":17,"column":58}},"10":{"start":{"line":17,"column":30},"end":{"line":17,"column":56}},"11":{"start":{"line":18,"column":23},"end":{"line":18,"column":72}},"12":{"start":{"line":18,"column":31},"end":{"line":18,"column":70}},"13":{"start":{"line":19,"column":6},"end":{"line":24,"column":8}},"14":{"start":{"line":37,"column":20},"end":{"line":37,"column":39}},"15":{"start":{"line":38,"column":22},"end":{"line":38,"column":51}},"16":{"start":{"line":38,"column":30},"end":{"line":38,"column":49}},"17":{"start":{"line":39,"column":23},"end":{"line":39,"column":53}},"18":{"start":{"line":39,"column":31},"end":{"line":39,"column":51}},"19":{"start":{"line":40,"column":21},"end":{"line":40,"column":93}},"20":{"start":{"line":40,"column":34},"end":{"line":40,"column":91}},"21":{"start":{"line":41,"column":6},"end":{"line":46,"column":8}},"22":{"start":{"line":63,"column":22},"end":{"line":63,"column":47}},"23":{"start":{"line":64,"column":18},"end":{"line":64,"column":43}},"24":{"start":{"line":65,"column":18},"end":{"line":65,"column":45}},"25":{"start":{"line":65,"column":27},"end":{"line":65,"column":45}},"26":{"start":{"line":66,"column":18},"end":{"line":71,"column":7}},"27":{"start":{"line":68,"column":10},"end":{"line":68,"column":34}},"28":{"start":{"line":70,"column":10},"end":{"line":70,"column":46}},"29":{"start":{"line":72,"column":21},"end":{"line":74,"column":7}},"30":{"start":{"line":73,"column":10},"end":{"line":73,"column":38}},"31":{"start":{"line":75,"column":21},"end":{"line":78,"column":7}},"32":{"start":{"line":76,"column":10},"end":{"line":76,"column":32}},"33":{"start":{"line":77,"column":10},"end":{"line":77,"column":46}},"34":{"start":{"line":79,"column":20},"end":{"line":79,"column":65}},"35":{"start":{"line":79,"column":26},"end":{"line":79,"column":65}},"36":{"start":{"line":80,"column":24},"end":{"line":80,"column":67}},"37":{"start":{"line":80,"column":36},"end":{"line":80,"column":67}},"38":{"start":{"line":81,"column":6},"end":{"line":81,"column":65}},"39":{"start":{"line":119,"column":22},"end":{"line":119,"column":47}},"40":{"start":{"line":120,"column":18},"end":{"line":120,"column":43}},"41":{"start":{"line":121,"column":18},"end":{"line":121,"column":72}},"42":{"start":{"line":121,"column":27},"end":{"line":121,"column":72}},"43":{"start":{"line":122,"column":21},"end":{"line":122,"column":88}},"44":{"start":{"line":122,"column":30},"end":{"line":122,"column":88}},"45":{"start":{"line":122,"column":77},"end":{"line":122,"column":86}},"46":{"start":{"line":123,"column":20},"end":{"line":123,"column":65}},"47":{"start":{"line":123,"column":26},"end":{"line":123,"column":65}},"48":{"start":{"line":124,"column":22},"end":{"line":124,"column":67}},"49":{"start":{"line":124,"column":35},"end":{"line":124,"column":67}},"50":{"start":{"line":125,"column":21},"end":{"line":125,"column":64}},"51":{"start":{"line":125,"column":36},"end":{"line":125,"column":53}},"52":{"start":{"line":125,"column":54},"end":{"line":125,"column":62}},"53":{"start":{"line":126,"column":6},"end":{"line":126,"column":58}},"54":{"start":{"line":134,"column":17},"end":{"line":134,"column":21}},"55":{"start":{"line":136,"column":50},"end":{"line":136,"column":59}},"56":{"start":{"line":137,"column":19},"end":{"line":137,"column":28}},"57":{"start":{"line":138,"column":17},"end":{"line":138,"column":34}},"58":{"start":{"line":139,"column":19},"end":{"line":143,"column":7}},"59":{"start":{"line":140,"column":10},"end":{"line":140,"column":50}},"60":{"start":{"line":141,"column":10},"end":{"line":141,"column":21}},"61":{"start":{"line":142,"column":10},"end":{"line":142,"column":33}},"62":{"start":{"line":144,"column":18},"end":{"line":148,"column":7}},"63":{"start":{"line":145,"column":10},"end":{"line":145,"column":17}},"64":{"start":{"line":146,"column":10},"end":{"line":146,"column":20}},"65":{"start":{"line":147,"column":10},"end":{"line":147,"column":66}},"66":{"start":{"line":149,"column":26},"end":{"line":149,"column":59}},"67":{"start":{"line":149,"column":40},"end":{"line":149,"column":59}},"68":{"start":{"line":150,"column":6},"end":{"line":150,"column":47}},"69":{"start":{"line":153,"column":50},"end":{"line":153,"column":59}},"70":{"start":{"line":154,"column":19},"end":{"line":154,"column":28}},"71":{"start":{"line":155,"column":17},"end":{"line":155,"column":34}},"72":{"start":{"line":156,"column":19},"end":{"line":159,"column":7}},"73":{"start":{"line":157,"column":10},"end":{"line":157,"column":49}},"74":{"start":{"line":158,"column":10},"end":{"line":158,"column":21}},"75":{"start":{"line":160,"column":18},"end":{"line":166,"column":7}},"76":{"start":{"line":161,"column":10},"end":{"line":161,"column":20}},"77":{"start":{"line":162,"column":10},"end":{"line":165,"column":25}},"78":{"start":{"line":163,"column":14},"end":{"line":163,"column":38}},"79":{"start":{"line":164,"column":14},"end":{"line":164,"column":35}},"80":{"start":{"line":167,"column":26},"end":{"line":167,"column":59}},"81":{"start":{"line":167,"column":40},"end":{"line":167,"column":59}},"82":{"start":{"line":168,"column":6},"end":{"line":168,"column":47}},"83":{"start":{"line":233,"column":25},"end":{"line":233,"column":34}},"84":{"start":{"line":234,"column":70},"end":{"line":234,"column":93}},"85":{"start":{"line":235,"column":68},"end":{"line":235,"column":77}},"86":{"start":{"line":236,"column":19},"end":{"line":236,"column":63}},"87":{"start":{"line":236,"column":38},"end":{"line":236,"column":62}},"88":{"start":{"line":237,"column":6},"end":{"line":241,"column":9}},"89":{"start":{"line":238,"column":10},"end":{"line":240,"column":11}},"90":{"start":{"line":239,"column":14},"end":{"line":239,"column":54}},"91":{"start":{"line":242,"column":27},"end":{"line":247,"column":7}},"92":{"start":{"line":243,"column":10},"end":{"line":245,"column":11}},"93":{"start":{"line":244,"column":14},"end":{"line":244,"column":21}},"94":{"start":{"line":246,"column":10},"end":{"line":246,"column":31}},"95":{"start":{"line":248,"column":6},"end":{"line":258,"column":8}},"96":{"start":{"line":261,"column":2},"end":{"line":261,"column":28}},"97":{"start":{"line":262,"column":2},"end":{"line":262,"column":26}},"98":{"start":{"line":263,"column":2},"end":{"line":263,"column":40}},"99":{"start":{"line":264,"column":2},"end":{"line":264,"column":26}},"100":{"start":{"line":265,"column":2},"end":{"line":265,"column":36}},"101":{"start":{"line":266,"column":2},"end":{"line":266,"column":34}},"102":{"start":{"line":267,"column":2},"end":{"line":267,"column":32}},"103":{"start":{"line":269,"column":2},"end":{"line":269,"column":64}}},"fnMap":{"0":{"name":"(anonymous_0)","decl":{"start":{"line":1,"column":1},"end":{"line":1,"column":2}},"loc":{"start":{"line":1,"column":28},"end":{"line":5,"column":1}},"line":1},"1":{"name":"(anonymous_1)","decl":{"start":{"line":5,"column":9},"end":{"line":5,"column":10}},"loc":{"start":{"line":5,"column":33},"end":{"line":271,"column":1}},"line":5},"2":{"name":"useToggle","decl":{"start":{"line":7,"column":11},"end":{"line":7,"column":20}},"loc":{"start":{"line":7,"column":47},"end":{"line":25,"column":3}},"line":7},"3":{"name":"(anonymous_3)","decl":{"start":{"line":10,"column":46},"end":{"line":10,"column":47}},"loc":{"start":{"line":10,"column":52},"end":{"line":10,"column":120}},"line":10},"4":{"name":"toggle","decl":{"start":{"line":11,"column":15},"end":{"line":11,"column":21}},"loc":{"start":{"line":11,"column":29},"end":{"line":16,"column":7}},"line":11},"5":{"name":"(anonymous_5)","decl":{"start":{"line":17,"column":22},"end":{"line":17,"column":23}},"loc":{"start":{"line":17,"column":28},"end":{"line":17,"column":58}},"line":17},"6":{"name":"(anonymous_6)","decl":{"start":{"line":18,"column":23},"end":{"line":18,"column":24}},"loc":{"start":{"line":18,"column":29},"end":{"line":18,"column":72}},"line":18},"7":{"name":"useBool","decl":{"start":{"line":36,"column":11},"end":{"line":36,"column":18}},"loc":{"start":{"line":36,"column":39},"end":{"line":47,"column":3}},"line":36},"8":{"name":"(anonymous_8)","decl":{"start":{"line":38,"column":22},"end":{"line":38,"column":23}},"loc":{"start":{"line":38,"column":28},"end":{"line":38,"column":51}},"line":38},"9":{"name":"(anonymous_9)","decl":{"start":{"line":39,"column":23},"end":{"line":39,"column":24}},"loc":{"start":{"line":39,"column":29},"end":{"line":39,"column":53}},"line":39},"10":{"name":"(anonymous_10)","decl":{"start":{"line":40,"column":21},"end":{"line":40,"column":22}},"loc":{"start":{"line":40,"column":32},"end":{"line":40,"column":93}},"line":40},"11":{"name":"useMap","decl":{"start":{"line":62,"column":11},"end":{"line":62,"column":17}},"loc":{"start":{"line":62,"column":32},"end":{"line":82,"column":3}},"line":62},"12":{"name":"(anonymous_12)","decl":{"start":{"line":65,"column":18},"end":{"line":65,"column":19}},"loc":{"start":{"line":65,"column":27},"end":{"line":65,"column":45}},"line":65},"13":{"name":"(anonymous_13)","decl":{"start":{"line":66,"column":18},"end":{"line":66,"column":19}},"loc":{"start":{"line":66,"column":32},"end":{"line":71,"column":7}},"line":66},"14":{"name":"(anonymous_14)","decl":{"start":{"line":72,"column":21},"end":{"line":72,"column":22}},"loc":{"start":{"line":72,"column":33},"end":{"line":74,"column":7}},"line":72},"15":{"name":"(anonymous_15)","decl":{"start":{"line":75,"column":21},"end":{"line":75,"column":22}},"loc":{"start":{"line":75,"column":30},"end":{"line":78,"column":7}},"line":75},"16":{"name":"(anonymous_16)","decl":{"start":{"line":79,"column":20},"end":{"line":79,"column":21}},"loc":{"start":{"line":79,"column":26},"end":{"line":79,"column":65}},"line":79},"17":{"name":"(anonymous_17)","decl":{"start":{"line":80,"column":24},"end":{"line":80,"column":25}},"loc":{"start":{"line":80,"column":36},"end":{"line":80,"column":67}},"line":80},"18":{"name":"useSet","decl":{"start":{"line":118,"column":11},"end":{"line":118,"column":17}},"loc":{"start":{"line":118,"column":32},"end":{"line":127,"column":3}},"line":118},"19":{"name":"(anonymous_19)","decl":{"start":{"line":121,"column":18},"end":{"line":121,"column":19}},"loc":{"start":{"line":121,"column":27},"end":{"line":121,"column":72}},"line":121},"20":{"name":"(anonymous_20)","decl":{"start":{"line":122,"column":21},"end":{"line":122,"column":22}},"loc":{"start":{"line":122,"column":30},"end":{"line":122,"column":88}},"line":122},"21":{"name":"(anonymous_21)","decl":{"start":{"line":122,"column":72},"end":{"line":122,"column":73}},"loc":{"start":{"line":122,"column":77},"end":{"line":122,"column":86}},"line":122},"22":{"name":"(anonymous_22)","decl":{"start":{"line":123,"column":20},"end":{"line":123,"column":21}},"loc":{"start":{"line":123,"column":26},"end":{"line":123,"column":65}},"line":123},"23":{"name":"(anonymous_23)","decl":{"start":{"line":124,"column":22},"end":{"line":124,"column":23}},"loc":{"start":{"line":124,"column":35},"end":{"line":124,"column":67}},"line":124},"24":{"name":"(anonymous_24)","decl":{"start":{"line":125,"column":21},"end":{"line":125,"column":22}},"loc":{"start":{"line":125,"column":34},"end":{"line":125,"column":64}},"line":125},"25":{"name":"useTimeLoop","decl":{"start":{"line":135,"column":11},"end":{"line":135,"column":22}},"loc":{"start":{"line":135,"column":41},"end":{"line":151,"column":3}},"line":135},"26":{"name":"(anonymous_26)","decl":{"start":{"line":139,"column":19},"end":{"line":139,"column":20}},"loc":{"start":{"line":139,"column":25},"end":{"line":143,"column":7}},"line":139},"27":{"name":"(anonymous_27)","decl":{"start":{"line":144,"column":18},"end":{"line":144,"column":19}},"loc":{"start":{"line":144,"column":31},"end":{"line":148,"column":7}},"line":144},"28":{"name":"(anonymous_28)","decl":{"start":{"line":149,"column":26},"end":{"line":149,"column":27}},"loc":{"start":{"line":149,"column":40},"end":{"line":149,"column":59}},"line":149},"29":{"name":"useTimeout","decl":{"start":{"line":152,"column":11},"end":{"line":152,"column":21}},"loc":{"start":{"line":152,"column":39},"end":{"line":169,"column":3}},"line":152},"30":{"name":"(anonymous_30)","decl":{"start":{"line":156,"column":19},"end":{"line":156,"column":20}},"loc":{"start":{"line":156,"column":25},"end":{"line":159,"column":7}},"line":156},"31":{"name":"(anonymous_31)","decl":{"start":{"line":160,"column":18},"end":{"line":160,"column":19}},"loc":{"start":{"line":160,"column":31},"end":{"line":166,"column":7}},"line":160},"32":{"name":"(anonymous_32)","decl":{"start":{"line":162,"column":34},"end":{"line":162,"column":35}},"loc":{"start":{"line":162,"column":46},"end":{"line":165,"column":11}},"line":162},"33":{"name":"(anonymous_33)","decl":{"start":{"line":167,"column":26},"end":{"line":167,"column":27}},"loc":{"start":{"line":167,"column":40},"end":{"line":167,"column":59}},"line":167},"34":{"name":"useMousewheel","decl":{"start":{"line":232,"column":11},"end":{"line":232,"column":24}},"loc":{"start":{"line":232,"column":27},"end":{"line":259,"column":3}},"line":232},"35":{"name":"(anonymous_35)","decl":{"start":{"line":236,"column":32},"end":{"line":236,"column":33}},"loc":{"start":{"line":236,"column":38},"end":{"line":236,"column":62}},"line":236},"36":{"name":"(anonymous_36)","decl":{"start":{"line":237,"column":28},"end":{"line":237,"column":29}},"loc":{"start":{"line":237,"column":40},"end":{"line":241,"column":7}},"line":237},"37":{"name":"(anonymous_37)","decl":{"start":{"line":242,"column":27},"end":{"line":242,"column":28}},"loc":{"start":{"line":242,"column":34},"end":{"line":247,"column":7}},"line":242}},"branchMap":{"0":{"loc":{"start":{"line":2,"column":2},"end":{"line":4,"column":122}},"type":"cond-expr","locations":[{"start":{"line":2,"column":65},"end":{"line":2,"column":97}},{"start":{"line":3,"column":2},"end":{"line":4,"column":122}}],"line":2},"1":{"loc":{"start":{"line":2,"column":2},"end":{"line":2,"column":62}},"type":"binary-expr","locations":[{"start":{"line":2,"column":2},"end":{"line":2,"column":29}},{"start":{"line":2,"column":33},"end":{"line":2,"column":62}}],"line":2},"2":{"loc":{"start":{"line":3,"column":2},"end":{"line":4,"column":122}},"type":"cond-expr","locations":[{"start":{"line":3,"column":47},"end":{"line":3,"column":82}},{"start":{"line":4,"column":3},"end":{"line":4,"column":121}}],"line":3},"3":{"loc":{"start":{"line":3,"column":2},"end":{"line":3,"column":44}},"type":"binary-expr","locations":[{"start":{"line":3,"column":2},"end":{"line":3,"column":30}},{"start":{"line":3,"column":34},"end":{"line":3,"column":44}}],"line":3},"4":{"loc":{"start":{"line":4,"column":12},"end":{"line":4,"column":75}},"type":"cond-expr","locations":[{"start":{"line":4,"column":48},"end":{"line":4,"column":58}},{"start":{"line":4,"column":61},"end":{"line":4,"column":75}}],"line":4},"5":{"loc":{"start":{"line":4,"column":61},"end":{"line":4,"column":75}},"type":"binary-expr","locations":[{"start":{"line":4,"column":61},"end":{"line":4,"column":67}},{"start":{"line":4,"column":71},"end":{"line":4,"column":75}}],"line":4},"6":{"loc":{"start":{"line":8,"column":26},"end":{"line":8,"column":71}},"type":"cond-expr","locations":[{"start":{"line":8,"column":53},"end":{"line":8,"column":58}},{"start":{"line":8,"column":61},"end":{"line":8,"column":71}}],"line":8},"7":{"loc":{"start":{"line":10,"column":61},"end":{"line":10,"column":117}},"type":"cond-expr","locations":[{"start":{"line":10,"column":90},"end":{"line":10,"column":102}},{"start":{"line":10,"column":105},"end":{"line":10,"column":117}}],"line":10},"8":{"loc":{"start":{"line":12,"column":10},"end":{"line":14,"column":11}},"type":"if","locations":[{"start":{"line":12,"column":10},"end":{"line":14,"column":11}},{"start":{"line":12,"column":10},"end":{"line":14,"column":11}}],"line":12},"9":{"loc":{"start":{"line":13,"column":28},"end":{"line":13,"column":90}},"type":"cond-expr","locations":[{"start":{"line":13,"column":52},"end":{"line":13,"column":76}},{"start":{"line":13,"column":79},"end":{"line":13,"column":90}}],"line":13},"10":{"loc":{"start":{"line":15,"column":24},"end":{"line":15,"column":92}},"type":"cond-expr","locations":[{"start":{"line":15,"column":54},"end":{"line":15,"column":78}},{"start":{"line":15,"column":81},"end":{"line":15,"column":92}}],"line":15},"11":{"loc":{"start":{"line":36,"column":19},"end":{"line":36,"column":37}},"type":"default-arg","locations":[{"start":{"line":36,"column":32},"end":{"line":36,"column":37}}],"line":36},"12":{"loc":{"start":{"line":40,"column":48},"end":{"line":40,"column":90}},"type":"cond-expr","locations":[{"start":{"line":40,"column":70},"end":{"line":40,"column":82}},{"start":{"line":40,"column":85},"end":{"line":40,"column":90}}],"line":40},"13":{"loc":{"start":{"line":62,"column":18},"end":{"line":62,"column":30}},"type":"default-arg","locations":[{"start":{"line":62,"column":28},"end":{"line":62,"column":30}}],"line":62},"14":{"loc":{"start":{"line":118,"column":18},"end":{"line":118,"column":30}},"type":"default-arg","locations":[{"start":{"line":118,"column":28},"end":{"line":118,"column":30}}],"line":118},"15":{"loc":{"start":{"line":135,"column":33},"end":{"line":135,"column":39}},"type":"default-arg","locations":[{"start":{"line":135,"column":37},"end":{"line":135,"column":39}}],"line":135},"16":{"loc":{"start":{"line":140,"column":10},"end":{"line":140,"column":49}},"type":"binary-expr","locations":[{"start":{"line":140,"column":10},"end":{"line":140,"column":20}},{"start":{"line":140,"column":24},"end":{"line":140,"column":49}}],"line":140},"17":{"loc":{"start":{"line":152,"column":32},"end":{"line":152,"column":37}},"type":"default-arg","locations":[{"start":{"line":152,"column":36},"end":{"line":152,"column":37}}],"line":152},"18":{"loc":{"start":{"line":157,"column":10},"end":{"line":157,"column":48}},"type":"binary-expr","locations":[{"start":{"line":157,"column":10},"end":{"line":157,"column":20}},{"start":{"line":157,"column":24},"end":{"line":157,"column":48}}],"line":157},"19":{"loc":{"start":{"line":164,"column":14},"end":{"line":164,"column":34}},"type":"binary-expr","locations":[{"start":{"line":164,"column":14},"end":{"line":164,"column":25}},{"start":{"line":164,"column":29},"end":{"line":164,"column":34}}],"line":164},"20":{"loc":{"start":{"line":238,"column":10},"end":{"line":240,"column":11}},"type":"if","locations":[{"start":{"line":238,"column":10},"end":{"line":240,"column":11}},{"start":{"line":238,"column":10},"end":{"line":240,"column":11}}],"line":238},"21":{"loc":{"start":{"line":239,"column":14},"end":{"line":239,"column":53}},"type":"cond-expr","locations":[{"start":{"line":239,"column":34},"end":{"line":239,"column":41}},{"start":{"line":239,"column":44},"end":{"line":239,"column":53}}],"line":239},"22":{"loc":{"start":{"line":243,"column":10},"end":{"line":245,"column":11}},"type":"if","locations":[{"start":{"line":243,"column":10},"end":{"line":245,"column":11}},{"start":{"line":243,"column":10},"end":{"line":245,"column":11}}],"line":243}},"s":{"0":1,"1":1,"2":0,"3":0,"4":0,"5":0,"6":0,"7":0,"8":0,"9":0,"10":0,"11":0,"12":0,"13":0,"14":0,"15":0,"16":0,"17":0,"18":0,"19":0,"20":0,"21":0,"22":0,"23":0,"24":0,"25":0,"26":0,"27":0,"28":0,"29":0,"30":0,"31":0,"32":0,"33":0,"34":0,"35":0,"36":0,"37":0,"38":0,"39":0,"40":0,"41":0,"42":0,"43":0,"44":0,"45":0,"46":0,"47":0,"48":0,"49":0,"50":0,"51":0,"52":0,"53":0,"54":1,"55":0,"56":0,"57":0,"58":0,"59":0,"60":0,"61":0,"62":0,"63":0,"64":0,"65":0,"66":0,"67":0,"68":0,"69":0,"70":0,"71":0,"72":0,"73":0,"74":0,"75":0,"76":0,"77":0,"78":0,"79":0,"80":0,"81":0,"82":0,"83":0,"84":0,"85":0,"86":0,"87":0,"88":0,"89":0,"90":0,"91":0,"92":0,"93":0,"94":0,"95":0,"96":1,"97":1,"98":1,"99":1,"100":1,"101":1,"102":1,"103":1},"f":{"0":1,"1":1,"2":0,"3":0,"4":0,"5":0,"6":0,"7":0,"8":0,"9":0,"10":0,"11":0,"12":0,"13":0,"14":0,"15":0,"16":0,"17":0,"18":0,"19":0,"20":0,"21":0,"22":0,"23":0,"24":0,"25":0,"26":0,"27":0,"28":0,"29":0,"30":0,"31":0,"32":0,"33":0,"34":0,"35":0,"36":0,"37":0},"b":{"0":[1,0],"1":[1,1],"2":[0,0],"3":[0,0],"4":[0,0],"5":[0,0],"6":[0,0],"7":[0,0],"8":[0,0],"9":[0,0],"10":[0,0],"11":[0],"12":[0,0],"13":[0],"14":[0],"15":[0],"16":[0,0],"17":[0],"18":[0,0],"19":[0,0],"20":[0,0],"21":[0,0],"22":[0,0]},"inputSourceMap":null,"_coverageSchema":"1a1c01bbd47fc00a2c39e90264f33305004495a9","hash":"a1d6e4a4cd10555c080fc369663c5c269cbb009e"}
,"F:\\mony\\pc\\super-util\\pkgs\\vx-hooks\\src\\_utils\\index.ts": {"path":"F:\\mony\\pc\\super-util\\pkgs\\vx-hooks\\src\\_utils\\index.ts","statementMap":{"0":{"start":{"line":14,"column":13},"end":{"line":14,"column":87}},"1":{"start":{"line":14,"column":36},"end":{"line":14,"column":87}},"2":{"start":{"line":14,"column":50},"end":{"line":14,"column":87}},"3":{"start":{"line":14,"column":74},"end":{"line":14,"column":81}},"4":{"start":{"line":39,"column":2},"end":{"line":39,"column":6}},"5":{"start":{"line":30,"column":14},"end":{"line":35,"column":2}},"6":{"start":{"line":30,"column":68},"end":{"line":35,"column":2}},"7":{"start":{"line":31,"column":4},"end":{"line":34,"column":null}},"8":{"start":{"line":32,"column":12},"end":{"line":32,"column":39}},"9":{"start":{"line":33,"column":29},"end":{"line":33,"column":86}},"10":{"start":{"line":40,"column":2},"end":{"line":40,"column":7}}},"fnMap":{"0":{"name":"(anonymous_0)","decl":{"start":{"line":14,"column":13},"end":{"line":14,"column":14}},"loc":{"start":{"line":14,"column":36},"end":{"line":14,"column":87}}},"1":{"name":"(anonymous_1)","decl":{"start":{"line":14,"column":36},"end":{"line":14,"column":37}},"loc":{"start":{"line":14,"column":50},"end":{"line":14,"column":87}}},"2":{"name":"(anonymous_2)","decl":{"start":{"line":14,"column":61},"end":{"line":14,"column":62}},"loc":{"start":{"line":14,"column":74},"end":{"line":14,"column":81}}},"3":{"name":"(anonymous_3)","decl":{"start":{"line":30,"column":14},"end":{"line":30,"column":36}},"loc":{"start":{"line":30,"column":68},"end":{"line":35,"column":2}}},"4":{"name":"(anonymous_4)","decl":{"start":{"line":30,"column":68},"end":{"line":30,"column":69}},"loc":{"start":{"line":30,"column":84},"end":{"line":35,"column":2}}},"5":{"name":"(anonymous_5)","decl":{"start":{"line":32,"column":6},"end":{"line":32,"column":9}},"loc":{"start":{"line":32,"column":12},"end":{"line":32,"column":39}}},"6":{"name":"(anonymous_6)","decl":{"start":{"line":33,"column":6},"end":{"line":33,"column":7}},"loc":{"start":{"line":33,"column":29},"end":{"line":33,"column":86}}}},"branchMap":{"0":{"loc":{"start":{"line":30,"column":52},"end":{"line":30,"column":63}},"type":"default-arg","locations":[{"start":{"line":30,"column":52},"end":{"line":30,"column":63}}]},"1":{"loc":{"start":{"line":33,"column":57},"end":{"line":33,"column":68}},"type":"cond-expr","locations":[{"start":{"line":33,"column":57},"end":{"line":33,"column":68}},{"start":{"line":33,"column":71},"end":{"line":33,"column":86}}]}},"s":{"0":1,"1":3,"2":3,"3":6,"4":1,"5":1,"6":2,"7":2,"8":2,"9":2,"10":1},"f":{"0":3,"1":3,"2":6,"3":2,"4":2,"5":2,"6":2},"b":{"0":[1],"1":[1,1]}}
,"F:\\mony\\pc\\super-util\\pkgs\\vx-hooks\\src\\useBool\\index.ts": {"path":"F:\\mony\\pc\\super-util\\pkgs\\vx-hooks\\src\\useBool\\index.ts","statementMap":{"0":{"start":{"line":1,"column":0},"end":{"line":1,"column":30}},"1":{"start":{"line":18,"column":29},"end":{"line":18,"column":44}},"2":{"start":{"line":19,"column":18},"end":{"line":19,"column":46}},"3":{"start":{"line":19,"column":26},"end":{"line":19,"column":45}},"4":{"start":{"line":20,"column":19},"end":{"line":20,"column":48}},"5":{"start":{"line":20,"column":27},"end":{"line":20,"column":47}},"6":{"start":{"line":21,"column":17},"end":{"line":21,"column":97}},"7":{"start":{"line":21,"column":39},"end":{"line":21,"column":96}},"8":{"start":{"line":23,"column":2},"end":{"line":28,"column":null}},"9":{"start":{"line":12,"column":0},"end":{"line":12,"column":16}}},"fnMap":{"0":{"name":"useBool","decl":{"start":{"line":12,"column":16},"end":{"line":12,"column":23}},"loc":{"start":{"line":12,"column":42},"end":{"line":29,"column":1}}},"1":{"name":"(anonymous_1)","decl":{"start":{"line":19,"column":18},"end":{"line":19,"column":21}},"loc":{"start":{"line":19,"column":23},"end":{"line":19,"column":46}}},"2":{"name":"(anonymous_2)","decl":{"start":{"line":20,"column":19},"end":{"line":20,"column":22}},"loc":{"start":{"line":20,"column":24},"end":{"line":20,"column":48}}},"3":{"name":"(anonymous_3)","decl":{"start":{"line":21,"column":17},"end":{"line":21,"column":18}},"loc":{"start":{"line":21,"column":36},"end":{"line":21,"column":97}}}},"branchMap":{"0":{"loc":{"start":{"line":12,"column":37},"end":{"line":12,"column":42}},"type":"default-arg","locations":[{"start":{"line":12,"column":37},"end":{"line":12,"column":42}}]},"1":{"loc":{"start":{"line":21,"column":75},"end":{"line":21,"column":87}},"type":"cond-expr","locations":[{"start":{"line":21,"column":75},"end":{"line":21,"column":87}},{"start":{"line":21,"column":90},"end":{"line":21,"column":95}}]}},"s":{"0":2,"1":12,"2":12,"3":15,"4":12,"5":2,"6":12,"7":4,"8":12,"9":2},"f":{"0":12,"1":15,"2":2,"3":4},"b":{"0":[12],"1":[2,2]}}
,"F:\\mony\\pc\\super-util\\pkgs\\vx-hooks\\src\\useMap\\index.ts": {"path":"F:\\mony\\pc\\super-util\\pkgs\\vx-hooks\\src\\useMap\\index.ts","statementMap":{"0":{"start":{"line":1,"column":0},"end":{"line":1,"column":30}},"1":{"start":{"line":27,"column":33},"end":{"line":27,"column":54}},"2":{"start":{"line":28,"column":29},"end":{"line":28,"column":50}},"3":{"start":{"line":30,"column":14},"end":{"line":30,"column":43}},"4":{"start":{"line":30,"column":25},"end":{"line":30,"column":43}},"5":{"start":{"line":32,"column":14},"end":{"line":38,"column":3}},"6":{"start":{"line":34,"column":3},"end":{"line":34,"column":null}},"7":{"start":{"line":37,"column":3},"end":{"line":37,"column":null}},"8":{"start":{"line":40,"column":17},"end":{"line":42,"column":3}},"9":{"start":{"line":41,"column":4},"end":{"line":41,"column":null}},"10":{"start":{"line":44,"column":17},"end":{"line":47,"column":3}},"11":{"start":{"line":45,"column":3},"end":{"line":45,"column":25}},"12":{"start":{"line":46,"column":3},"end":{"line":46,"column":null}},"13":{"start":{"line":49,"column":16},"end":{"line":49,"column":61}},"14":{"start":{"line":49,"column":22},"end":{"line":49,"column":61}},"15":{"start":{"line":50,"column":20},"end":{"line":50,"column":89}},"16":{"start":{"line":50,"column":58},"end":{"line":50,"column":89}},"17":{"start":{"line":52,"column":2},"end":{"line":52,"column":null}},"18":{"start":{"line":17,"column":0},"end":{"line":17,"column":16}}},"fnMap":{"0":{"name":"useMap","decl":{"start":{"line":17,"column":16},"end":{"line":17,"column":22}},"loc":{"start":{"line":17,"column":67},"end":{"line":54,"column":1}}},"1":{"name":"(anonymous_1)","decl":{"start":{"line":30,"column":14},"end":{"line":30,"column":15}},"loc":{"start":{"line":30,"column":25},"end":{"line":30,"column":43}}},"2":{"name":"(anonymous_2)","decl":{"start":{"line":32,"column":14},"end":{"line":32,"column":15}},"loc":{"start":{"line":32,"column":31},"end":{"line":38,"column":3}}},"3":{"name":"(anonymous_3)","decl":{"start":{"line":40,"column":17},"end":{"line":40,"column":18}},"loc":{"start":{"line":40,"column":54},"end":{"line":42,"column":3}}},"4":{"name":"(anonymous_4)","decl":{"start":{"line":44,"column":17},"end":{"line":44,"column":18}},"loc":{"start":{"line":44,"column":27},"end":{"line":47,"column":3}}},"5":{"name":"(anonymous_5)","decl":{"start":{"line":49,"column":16},"end":{"line":49,"column":19}},"loc":{"start":{"line":49,"column":22},"end":{"line":49,"column":61}}},"6":{"name":"(anonymous_6)","decl":{"start":{"line":50,"column":20},"end":{"line":50,"column":21}},"loc":{"start":{"line":50,"column":58},"end":{"line":50,"column":89}}}},"branchMap":{"0":{"loc":{"start":{"line":17,"column":65},"end":{"line":17,"column":67}},"type":"default-arg","locations":[{"start":{"line":17,"column":65},"end":{"line":17,"column":67}}]}},"s":{"0":1,"1":1,"2":1,"3":1,"4":4,"5":1,"6":1,"7":1,"8":1,"9":1,"10":1,"11":1,"12":1,"13":1,"14":2,"15":1,"16":1,"17":1,"18":1},"f":{"0":1,"1":4,"2":1,"3":1,"4":1,"5":2,"6":1},"b":{"0":[0]}}
,"F:\\mony\\pc\\super-util\\pkgs\\vx-hooks\\src\\useSet\\index.ts": {"path":"F:\\mony\\pc\\super-util\\pkgs\\vx-hooks\\src\\useSet\\index.ts","statementMap":{"0":{"start":{"line":1,"column":0},"end":{"line":1,"column":30}},"1":{"start":{"line":46,"column":30},"end":{"line":46,"column":51}},"2":{"start":{"line":47,"column":26},"end":{"line":47,"column":47}},"3":{"start":{"line":49,"column":14},"end":{"line":49,"column":70}},"4":{"start":{"line":49,"column":25},"end":{"line":49,"column":70}},"5":{"start":{"line":50,"column":17},"end":{"line":50,"column":86}},"6":{"start":{"line":50,"column":28},"end":{"line":50,"column":86}},"7":{"start":{"line":50,"column":75},"end":{"line":50,"column":84}},"8":{"start":{"line":51,"column":16},"end":{"line":51,"column":61}},"9":{"start":{"line":51,"column":22},"end":{"line":51,"column":61}},"10":{"start":{"line":52,"column":18},"end":{"line":52,"column":75}},"11":{"start":{"line":52,"column":43},"end":{"line":52,"column":75}},"12":{"start":{"line":53,"column":17},"end":{"line":53,"column":70}},"13":{"start":{"line":53,"column":43},"end":{"line":53,"column":60}},"14":{"start":{"line":53,"column":61},"end":{"line":53,"column":69}},"15":{"start":{"line":55,"column":2},"end":{"line":55,"column":null}},"16":{"start":{"line":37,"column":0},"end":{"line":37,"column":16}}},"fnMap":{"0":{"name":"useSet","decl":{"start":{"line":37,"column":16},"end":{"line":37,"column":22}},"loc":{"start":{"line":37,"column":50},"end":{"line":56,"column":1}}},"1":{"name":"(anonymous_1)","decl":{"start":{"line":49,"column":14},"end":{"line":49,"column":15}},"loc":{"start":{"line":49,"column":25},"end":{"line":49,"column":70}}},"2":{"name":"(anonymous_2)","decl":{"start":{"line":50,"column":17},"end":{"line":50,"column":18}},"loc":{"start":{"line":50,"column":28},"end":{"line":50,"column":86}}},"3":{"name":"(anonymous_3)","decl":{"start":{"line":50,"column":70},"end":{"line":50,"column":71}},"loc":{"start":{"line":50,"column":75},"end":{"line":50,"column":84}}},"4":{"name":"(anonymous_4)","decl":{"start":{"line":51,"column":16},"end":{"line":51,"column":19}},"loc":{"start":{"line":51,"column":22},"end":{"line":51,"column":61}}},"5":{"name":"(anonymous_5)","decl":{"start":{"line":52,"column":18},"end":{"line":52,"column":19}},"loc":{"start":{"line":52,"column":43},"end":{"line":52,"column":75}}},"6":{"name":"(anonymous_6)","decl":{"start":{"line":53,"column":17},"end":{"line":53,"column":18}},"loc":{"start":{"line":53,"column":41},"end":{"line":53,"column":70}}}},"branchMap":{"0":{"loc":{"start":{"line":37,"column":48},"end":{"line":37,"column":50}},"type":"default-arg","locations":[{"start":{"line":37,"column":48},"end":{"line":37,"column":50}}]}},"s":{"0":1,"1":1,"2":1,"3":1,"4":1,"5":1,"6":2,"7":3,"8":1,"9":3,"10":1,"11":2,"12":1,"13":1,"14":1,"15":1,"16":1},"f":{"0":1,"1":1,"2":2,"3":3,"4":3,"5":2,"6":1},"b":{"0":[0]}}
,"F:\\mony\\pc\\super-util\\pkgs\\vx-hooks\\src\\useTimeout\\index.ts": {"path":"F:\\mony\\pc\\super-util\\pkgs\\vx-hooks\\src\\useTimeout\\index.ts","statementMap":{"0":{"start":{"line":6,"column":0},"end":{"line":6,"column":30}},"1":{"start":{"line":7,"column":0},"end":{"line":7,"column":36}},"2":{"start":{"line":9,"column":15},"end":{"line":9,"column":19}},"3":{"start":{"line":31,"column":46},"end":{"line":31,"column":55}},"4":{"start":{"line":32,"column":15},"end":{"line":32,"column":20}},"5":{"start":{"line":33,"column":13},"end":{"line":33,"column":26}},"6":{"start":{"line":35,"column":15},"end":{"line":39,"column":3}},"7":{"start":{"line":36,"column":4},"end":{"line":36,"column":null}},"8":{"start":{"line":37,"column":4},"end":{"line":37,"column":null}},"9":{"start":{"line":38,"column":3},"end":{"line":38,"column":null}},"10":{"start":{"line":41,"column":14},"end":{"line":45,"column":3}},"11":{"start":{"line":42,"column":4},"end":{"line":42,"column":null}},"12":{"start":{"line":43,"column":4},"end":{"line":43,"column":null}},"13":{"start":{"line":44,"column":4},"end":{"line":44,"column":null}},"14":{"start":{"line":47,"column":22},"end":{"line":47,"column":58}},"15":{"start":{"line":47,"column":39},"end":{"line":47,"column":58}},"16":{"start":{"line":49,"column":2},"end":{"line":49,"column":null}},"17":{"start":{"line":29,"column":0},"end":{"line":29,"column":16}},"18":{"start":{"line":96,"column":46},"end":{"line":96,"column":55}},"19":{"start":{"line":97,"column":15},"end":{"line":97,"column":20}},"20":{"start":{"line":98,"column":13},"end":{"line":98,"column":26}},"21":{"start":{"line":100,"column":15},"end":{"line":103,"column":3}},"22":{"start":{"line":101,"column":4},"end":{"line":101,"column":null}},"23":{"start":{"line":102,"column":4},"end":{"line":102,"column":null}},"24":{"start":{"line":105,"column":14},"end":{"line":111,"column":3}},"25":{"start":{"line":106,"column":4},"end":{"line":106,"column":null}},"26":{"start":{"line":107,"column":4},"end":{"line":110,"column":null}},"27":{"start":{"line":108,"column":6},"end":{"line":108,"column":null}},"28":{"start":{"line":109,"column":6},"end":{"line":109,"column":null}},"29":{"start":{"line":113,"column":22},"end":{"line":113,"column":58}},"30":{"start":{"line":113,"column":39},"end":{"line":113,"column":58}},"31":{"start":{"line":115,"column":2},"end":{"line":115,"column":null}},"32":{"start":{"line":95,"column":0},"end":{"line":95,"column":16}}},"fnMap":{"0":{"name":"useTimeLoop","decl":{"start":{"line":29,"column":16},"end":{"line":29,"column":27}},"loc":{"start":{"line":29,"column":47},"end":{"line":50,"column":1}}},"1":{"name":"(anonymous_1)","decl":{"start":{"line":35,"column":15},"end":{"line":35,"column":18}},"loc":{"start":{"line":35,"column":20},"end":{"line":39,"column":3}}},"2":{"name":"(anonymous_2)","decl":{"start":{"line":41,"column":14},"end":{"line":41,"column":15}},"loc":{"start":{"line":41,"column":32},"end":{"line":45,"column":3}}},"3":{"name":"(anonymous_3)","decl":{"start":{"line":47,"column":22},"end":{"line":47,"column":23}},"loc":{"start":{"line":47,"column":39},"end":{"line":47,"column":58}}},"4":{"name":"useTimeout","decl":{"start":{"line":95,"column":16},"end":{"line":95,"column":26}},"loc":{"start":{"line":95,"column":45},"end":{"line":116,"column":1}}},"5":{"name":"(anonymous_5)","decl":{"start":{"line":100,"column":15},"end":{"line":100,"column":18}},"loc":{"start":{"line":100,"column":20},"end":{"line":103,"column":3}}},"6":{"name":"(anonymous_6)","decl":{"start":{"line":105,"column":14},"end":{"line":105,"column":15}},"loc":{"start":{"line":105,"column":32},"end":{"line":111,"column":3}}},"7":{"name":"(anonymous_7)","decl":{"start":{"line":107,"column":28},"end":{"line":107,"column":33}},"loc":{"start":{"line":107,"column":39},"end":{"line":110,"column":5}}},"8":{"name":"(anonymous_8)","decl":{"start":{"line":113,"column":22},"end":{"line":113,"column":23}},"loc":{"start":{"line":113,"column":39},"end":{"line":113,"column":58}}}},"branchMap":{"0":{"loc":{"start":{"line":29,"column":45},"end":{"line":29,"column":47}},"type":"default-arg","locations":[{"start":{"line":29,"column":45},"end":{"line":29,"column":47}}]},"1":{"loc":{"start":{"line":36,"column":4},"end":{"line":36,"column":14}},"type":"binary-expr","locations":[{"start":{"line":36,"column":4},"end":{"line":36,"column":14}},{"start":{"line":36,"column":16},"end":{"line":36,"column":41}}]},"2":{"loc":{"start":{"line":95,"column":44},"end":{"line":95,"column":45}},"type":"default-arg","locations":[{"start":{"line":95,"column":44},"end":{"line":95,"column":45}}]},"3":{"loc":{"start":{"line":101,"column":4},"end":{"line":101,"column":14}},"type":"binary-expr","locations":[{"start":{"line":101,"column":4},"end":{"line":101,"column":14}},{"start":{"line":101,"column":16},"end":{"line":101,"column":40}}]},"4":{"loc":{"start":{"line":109,"column":6},"end":{"line":109,"column":17}},"type":"binary-expr","locations":[{"start":{"line":109,"column":6},"end":{"line":109,"column":17}},{"start":{"line":109,"column":21},"end":{"line":109,"column":26}}]}},"s":{"0":1,"1":1,"2":1,"3":0,"4":0,"5":0,"6":0,"7":0,"8":0,"9":0,"10":0,"11":0,"12":0,"13":0,"14":0,"15":0,"16":0,"17":1,"18":6,"19":6,"20":6,"21":6,"22":1,"23":1,"24":6,"25":13,"26":13,"27":8,"28":8,"29":6,"30":2,"31":6,"32":1},"f":{"0":0,"1":0,"2":0,"3":0,"4":6,"5":1,"6":13,"7":8,"8":2},"b":{"0":[0],"1":[0,0],"2":[0],"3":[1,1],"4":[8,8]}}
,"F:\\mony\\pc\\super-util\\pkgs\\vx-hooks\\src\\useToggle\\index.ts": {"path":"F:\\mony\\pc\\super-util\\pkgs\\vx-hooks\\src\\useToggle\\index.ts","statementMap":{"0":{"start":{"line":1,"column":0},"end":{"line":1,"column":null}},"1":{"start":{"line":31,"column":22},"end":{"line":31,"column":67}},"2":{"start":{"line":33,"column":16},"end":{"line":33,"column":32}},"3":{"start":{"line":34,"column":29},"end":{"line":34,"column":112}},"4":{"start":{"line":34,"column":46},"end":{"line":34,"column":110}},"5":{"start":{"line":37,"column":4},"end":{"line":39,"column":null}},"6":{"start":{"line":38,"column":6},"end":{"line":38,"column":null}},"7":{"start":{"line":40,"column":4},"end":{"line":40,"column":null}},"8":{"start":{"line":43,"column":18},"end":{"line":43,"column":53}},"9":{"start":{"line":43,"column":26},"end":{"line":43,"column":52}},"10":{"start":{"line":44,"column":19},"end":{"line":44,"column":67}},"11":{"start":{"line":44,"column":27},"end":{"line":44,"column":66}},"12":{"start":{"line":46,"column":2},"end":{"line":51,"column":null}},"13":{"start":{"line":30,"column":0},"end":{"line":30,"column":16}}},"fnMap":{"0":{"name":"useToggle","decl":{"start":{"line":30,"column":16},"end":{"line":30,"column":25}},"loc":{"start":{"line":30,"column":68},"end":{"line":52,"column":1}}},"1":{"name":"(anonymous_1)","decl":{"start":{"line":34,"column":38},"end":{"line":34,"column":41}},"loc":{"start":{"line":34,"column":43},"end":{"line":34,"column":111}}},"2":{"name":"toggle","decl":{"start":{"line":36,"column":11},"end":{"line":36,"column":17}},"loc":{"start":{"line":36,"column":28},"end":{"line":41,"column":3}}},"3":{"name":"(anonymous_3)","decl":{"start":{"line":43,"column":18},"end":{"line":43,"column":21}},"loc":{"start":{"line":43,"column":23},"end":{"line":43,"column":53}}},"4":{"name":"(anonymous_4)","decl":{"start":{"line":44,"column":19},"end":{"line":44,"column":22}},"loc":{"start":{"line":44,"column":24},"end":{"line":44,"column":67}}}},"branchMap":{"0":{"loc":{"start":{"line":31,"column":49},"end":{"line":31,"column":54}},"type":"cond-expr","locations":[{"start":{"line":31,"column":49},"end":{"line":31,"column":54}},{"start":{"line":31,"column":57},"end":{"line":31,"column":67}}]},"1":{"loc":{"start":{"line":34,"column":82},"end":{"line":34,"column":94}},"type":"cond-expr","locations":[{"start":{"line":34,"column":82},"end":{"line":34,"column":94}},{"start":{"line":34,"column":97},"end":{"line":34,"column":109}}]},"2":{"loc":{"start":{"line":37,"column":4},"end":{"line":39,"column":null}},"type":"if","locations":[{"start":{"line":37,"column":4},"end":{"line":39,"column":null}},{"start":{"line":37,"column":4},"end":{"line":39,"column":null}}]},"3":{"loc":{"start":{"line":38,"column":44},"end":{"line":38,"column":68}},"type":"cond-expr","locations":[{"start":{"line":38,"column":44},"end":{"line":38,"column":68}},{"start":{"line":38,"column":71},"end":{"line":38,"column":82}}]},"4":{"loc":{"start":{"line":40,"column":48},"end":{"line":40,"column":72}},"type":"cond-expr","locations":[{"start":{"line":40,"column":48},"end":{"line":40,"column":72}},{"start":{"line":40,"column":75},"end":{"line":40,"column":86}}]}},"s":{"0":1,"1":2,"2":2,"3":2,"4":2,"5":4,"6":4,"7":4,"8":2,"9":4,"10":2,"11":2,"12":2,"13":1},"f":{"0":2,"1":2,"2":4,"3":4,"4":2},"b":{"0":[1,1],"1":[1,1],"2":[4,0],"3":[2,2],"4":[2,2]}}
}
