{"F:\\mony\\pc\\super-util\\pkgs\\vx-hooks\\src\\_utils\\index.ts": {"path":"F:\\mony\\pc\\super-util\\pkgs\\vx-hooks\\src\\_utils\\index.ts","statementMap":{"0":{"start":{"line":15,"column":13},"end":{"line":15,"column":87}},"1":{"start":{"line":15,"column":36},"end":{"line":15,"column":87}},"2":{"start":{"line":15,"column":50},"end":{"line":15,"column":87}},"3":{"start":{"line":15,"column":74},"end":{"line":15,"column":81}},"4":{"start":{"line":40,"column":2},"end":{"line":40,"column":6}},"5":{"start":{"line":31,"column":14},"end":{"line":36,"column":2}},"6":{"start":{"line":31,"column":68},"end":{"line":36,"column":2}},"7":{"start":{"line":32,"column":4},"end":{"line":35,"column":null}},"8":{"start":{"line":33,"column":12},"end":{"line":33,"column":39}},"9":{"start":{"line":34,"column":29},"end":{"line":34,"column":86}},"10":{"start":{"line":41,"column":2},"end":{"line":41,"column":7}}},"fnMap":{"0":{"name":"(anonymous_0)","decl":{"start":{"line":15,"column":13},"end":{"line":15,"column":14}},"loc":{"start":{"line":15,"column":36},"end":{"line":15,"column":87}}},"1":{"name":"(anonymous_1)","decl":{"start":{"line":15,"column":36},"end":{"line":15,"column":37}},"loc":{"start":{"line":15,"column":50},"end":{"line":15,"column":87}}},"2":{"name":"(anonymous_2)","decl":{"start":{"line":15,"column":61},"end":{"line":15,"column":62}},"loc":{"start":{"line":15,"column":74},"end":{"line":15,"column":81}}},"3":{"name":"(anonymous_3)","decl":{"start":{"line":31,"column":14},"end":{"line":31,"column":36}},"loc":{"start":{"line":31,"column":68},"end":{"line":36,"column":2}}},"4":{"name":"(anonymous_4)","decl":{"start":{"line":31,"column":68},"end":{"line":31,"column":69}},"loc":{"start":{"line":31,"column":84},"end":{"line":36,"column":2}}},"5":{"name":"(anonymous_5)","decl":{"start":{"line":33,"column":6},"end":{"line":33,"column":9}},"loc":{"start":{"line":33,"column":12},"end":{"line":33,"column":39}}},"6":{"name":"(anonymous_6)","decl":{"start":{"line":34,"column":6},"end":{"line":34,"column":7}},"loc":{"start":{"line":34,"column":29},"end":{"line":34,"column":86}}}},"branchMap":{"0":{"loc":{"start":{"line":31,"column":52},"end":{"line":31,"column":63}},"type":"default-arg","locations":[{"start":{"line":31,"column":52},"end":{"line":31,"column":63}}]},"1":{"loc":{"start":{"line":34,"column":57},"end":{"line":34,"column":68}},"type":"cond-expr","locations":[{"start":{"line":34,"column":57},"end":{"line":34,"column":68}},{"start":{"line":34,"column":71},"end":{"line":34,"column":86}}]}},"s":{"0":1,"1":3,"2":3,"3":6,"4":1,"5":1,"6":2,"7":2,"8":2,"9":2,"10":1},"f":{"0":3,"1":3,"2":6,"3":2,"4":2,"5":2,"6":2},"b":{"0":[1],"1":[1,1]}}
,"F:\\mony\\pc\\super-util\\pkgs\\vx-hooks\\src\\useBool\\index.ts": {"path":"F:\\mony\\pc\\super-util\\pkgs\\vx-hooks\\src\\useBool\\index.ts","statementMap":{"0":{"start":{"line":1,"column":0},"end":{"line":1,"column":30}},"1":{"start":{"line":18,"column":29},"end":{"line":18,"column":44}},"2":{"start":{"line":19,"column":18},"end":{"line":19,"column":46}},"3":{"start":{"line":19,"column":26},"end":{"line":19,"column":45}},"4":{"start":{"line":20,"column":19},"end":{"line":20,"column":48}},"5":{"start":{"line":20,"column":27},"end":{"line":20,"column":47}},"6":{"start":{"line":21,"column":17},"end":{"line":21,"column":97}},"7":{"start":{"line":21,"column":39},"end":{"line":21,"column":96}},"8":{"start":{"line":23,"column":2},"end":{"line":28,"column":null}},"9":{"start":{"line":12,"column":0},"end":{"line":12,"column":16}}},"fnMap":{"0":{"name":"useBool","decl":{"start":{"line":12,"column":16},"end":{"line":12,"column":23}},"loc":{"start":{"line":12,"column":42},"end":{"line":29,"column":1}}},"1":{"name":"(anonymous_1)","decl":{"start":{"line":19,"column":18},"end":{"line":19,"column":21}},"loc":{"start":{"line":19,"column":23},"end":{"line":19,"column":46}}},"2":{"name":"(anonymous_2)","decl":{"start":{"line":20,"column":19},"end":{"line":20,"column":22}},"loc":{"start":{"line":20,"column":24},"end":{"line":20,"column":48}}},"3":{"name":"(anonymous_3)","decl":{"start":{"line":21,"column":17},"end":{"line":21,"column":18}},"loc":{"start":{"line":21,"column":36},"end":{"line":21,"column":97}}}},"branchMap":{"0":{"loc":{"start":{"line":12,"column":37},"end":{"line":12,"column":42}},"type":"default-arg","locations":[{"start":{"line":12,"column":37},"end":{"line":12,"column":42}}]},"1":{"loc":{"start":{"line":21,"column":75},"end":{"line":21,"column":87}},"type":"cond-expr","locations":[{"start":{"line":21,"column":75},"end":{"line":21,"column":87}},{"start":{"line":21,"column":90},"end":{"line":21,"column":95}}]}},"s":{"0":2,"1":12,"2":12,"3":15,"4":12,"5":2,"6":12,"7":4,"8":12,"9":2},"f":{"0":12,"1":15,"2":2,"3":4},"b":{"0":[12],"1":[2,2]}}
,"F:\\mony\\pc\\super-util\\pkgs\\vx-hooks\\src\\useMap\\index.ts": {"path":"F:\\mony\\pc\\super-util\\pkgs\\vx-hooks\\src\\useMap\\index.ts","statementMap":{"0":{"start":{"line":1,"column":0},"end":{"line":1,"column":30}},"1":{"start":{"line":27,"column":33},"end":{"line":27,"column":54}},"2":{"start":{"line":28,"column":29},"end":{"line":28,"column":50}},"3":{"start":{"line":30,"column":14},"end":{"line":30,"column":43}},"4":{"start":{"line":30,"column":25},"end":{"line":30,"column":43}},"5":{"start":{"line":32,"column":14},"end":{"line":38,"column":3}},"6":{"start":{"line":34,"column":3},"end":{"line":34,"column":null}},"7":{"start":{"line":37,"column":3},"end":{"line":37,"column":null}},"8":{"start":{"line":40,"column":17},"end":{"line":42,"column":3}},"9":{"start":{"line":41,"column":4},"end":{"line":41,"column":null}},"10":{"start":{"line":44,"column":17},"end":{"line":47,"column":3}},"11":{"start":{"line":45,"column":3},"end":{"line":45,"column":25}},"12":{"start":{"line":46,"column":3},"end":{"line":46,"column":null}},"13":{"start":{"line":49,"column":16},"end":{"line":49,"column":61}},"14":{"start":{"line":49,"column":22},"end":{"line":49,"column":61}},"15":{"start":{"line":50,"column":20},"end":{"line":50,"column":89}},"16":{"start":{"line":50,"column":58},"end":{"line":50,"column":89}},"17":{"start":{"line":52,"column":2},"end":{"line":52,"column":null}},"18":{"start":{"line":17,"column":0},"end":{"line":17,"column":16}}},"fnMap":{"0":{"name":"useMap","decl":{"start":{"line":17,"column":16},"end":{"line":17,"column":22}},"loc":{"start":{"line":17,"column":67},"end":{"line":54,"column":1}}},"1":{"name":"(anonymous_1)","decl":{"start":{"line":30,"column":14},"end":{"line":30,"column":15}},"loc":{"start":{"line":30,"column":25},"end":{"line":30,"column":43}}},"2":{"name":"(anonymous_2)","decl":{"start":{"line":32,"column":14},"end":{"line":32,"column":15}},"loc":{"start":{"line":32,"column":31},"end":{"line":38,"column":3}}},"3":{"name":"(anonymous_3)","decl":{"start":{"line":40,"column":17},"end":{"line":40,"column":18}},"loc":{"start":{"line":40,"column":54},"end":{"line":42,"column":3}}},"4":{"name":"(anonymous_4)","decl":{"start":{"line":44,"column":17},"end":{"line":44,"column":18}},"loc":{"start":{"line":44,"column":27},"end":{"line":47,"column":3}}},"5":{"name":"(anonymous_5)","decl":{"start":{"line":49,"column":16},"end":{"line":49,"column":19}},"loc":{"start":{"line":49,"column":22},"end":{"line":49,"column":61}}},"6":{"name":"(anonymous_6)","decl":{"start":{"line":50,"column":20},"end":{"line":50,"column":21}},"loc":{"start":{"line":50,"column":58},"end":{"line":50,"column":89}}}},"branchMap":{"0":{"loc":{"start":{"line":17,"column":65},"end":{"line":17,"column":67}},"type":"default-arg","locations":[{"start":{"line":17,"column":65},"end":{"line":17,"column":67}}]}},"s":{"0":1,"1":1,"2":1,"3":1,"4":4,"5":1,"6":1,"7":1,"8":1,"9":1,"10":1,"11":1,"12":1,"13":1,"14":2,"15":1,"16":1,"17":1,"18":1},"f":{"0":1,"1":4,"2":1,"3":1,"4":1,"5":2,"6":1},"b":{"0":[0]}}
,"F:\\mony\\pc\\super-util\\pkgs\\vx-hooks\\src\\useSet\\index.ts": {"path":"F:\\mony\\pc\\super-util\\pkgs\\vx-hooks\\src\\useSet\\index.ts","statementMap":{"0":{"start":{"line":1,"column":0},"end":{"line":1,"column":30}},"1":{"start":{"line":46,"column":30},"end":{"line":46,"column":51}},"2":{"start":{"line":47,"column":26},"end":{"line":47,"column":47}},"3":{"start":{"line":49,"column":14},"end":{"line":49,"column":70}},"4":{"start":{"line":49,"column":25},"end":{"line":49,"column":70}},"5":{"start":{"line":50,"column":17},"end":{"line":50,"column":86}},"6":{"start":{"line":50,"column":28},"end":{"line":50,"column":86}},"7":{"start":{"line":50,"column":75},"end":{"line":50,"column":84}},"8":{"start":{"line":51,"column":16},"end":{"line":51,"column":61}},"9":{"start":{"line":51,"column":22},"end":{"line":51,"column":61}},"10":{"start":{"line":52,"column":18},"end":{"line":52,"column":75}},"11":{"start":{"line":52,"column":43},"end":{"line":52,"column":75}},"12":{"start":{"line":53,"column":17},"end":{"line":53,"column":70}},"13":{"start":{"line":53,"column":43},"end":{"line":53,"column":60}},"14":{"start":{"line":53,"column":61},"end":{"line":53,"column":69}},"15":{"start":{"line":55,"column":2},"end":{"line":55,"column":null}},"16":{"start":{"line":37,"column":0},"end":{"line":37,"column":16}}},"fnMap":{"0":{"name":"useSet","decl":{"start":{"line":37,"column":16},"end":{"line":37,"column":22}},"loc":{"start":{"line":37,"column":50},"end":{"line":56,"column":1}}},"1":{"name":"(anonymous_1)","decl":{"start":{"line":49,"column":14},"end":{"line":49,"column":15}},"loc":{"start":{"line":49,"column":25},"end":{"line":49,"column":70}}},"2":{"name":"(anonymous_2)","decl":{"start":{"line":50,"column":17},"end":{"line":50,"column":18}},"loc":{"start":{"line":50,"column":28},"end":{"line":50,"column":86}}},"3":{"name":"(anonymous_3)","decl":{"start":{"line":50,"column":70},"end":{"line":50,"column":71}},"loc":{"start":{"line":50,"column":75},"end":{"line":50,"column":84}}},"4":{"name":"(anonymous_4)","decl":{"start":{"line":51,"column":16},"end":{"line":51,"column":19}},"loc":{"start":{"line":51,"column":22},"end":{"line":51,"column":61}}},"5":{"name":"(anonymous_5)","decl":{"start":{"line":52,"column":18},"end":{"line":52,"column":19}},"loc":{"start":{"line":52,"column":43},"end":{"line":52,"column":75}}},"6":{"name":"(anonymous_6)","decl":{"start":{"line":53,"column":17},"end":{"line":53,"column":18}},"loc":{"start":{"line":53,"column":41},"end":{"line":53,"column":70}}}},"branchMap":{"0":{"loc":{"start":{"line":37,"column":48},"end":{"line":37,"column":50}},"type":"default-arg","locations":[{"start":{"line":37,"column":48},"end":{"line":37,"column":50}}]}},"s":{"0":1,"1":1,"2":1,"3":1,"4":1,"5":1,"6":2,"7":3,"8":1,"9":3,"10":1,"11":2,"12":1,"13":1,"14":1,"15":1,"16":1},"f":{"0":1,"1":1,"2":2,"3":3,"4":3,"5":2,"6":1},"b":{"0":[0]}}
,"F:\\mony\\pc\\super-util\\pkgs\\vx-hooks\\src\\useTimeout\\index.ts": {"path":"F:\\mony\\pc\\super-util\\pkgs\\vx-hooks\\src\\useTimeout\\index.ts","statementMap":{"0":{"start":{"line":6,"column":0},"end":{"line":6,"column":30}},"1":{"start":{"line":7,"column":0},"end":{"line":7,"column":36}},"2":{"start":{"line":9,"column":15},"end":{"line":9,"column":19}},"3":{"start":{"line":31,"column":46},"end":{"line":31,"column":55}},"4":{"start":{"line":32,"column":15},"end":{"line":32,"column":20}},"5":{"start":{"line":33,"column":13},"end":{"line":33,"column":26}},"6":{"start":{"line":35,"column":15},"end":{"line":39,"column":3}},"7":{"start":{"line":36,"column":4},"end":{"line":36,"column":null}},"8":{"start":{"line":37,"column":4},"end":{"line":37,"column":null}},"9":{"start":{"line":38,"column":3},"end":{"line":38,"column":null}},"10":{"start":{"line":41,"column":14},"end":{"line":45,"column":3}},"11":{"start":{"line":42,"column":4},"end":{"line":42,"column":null}},"12":{"start":{"line":43,"column":4},"end":{"line":43,"column":null}},"13":{"start":{"line":44,"column":4},"end":{"line":44,"column":null}},"14":{"start":{"line":47,"column":22},"end":{"line":47,"column":58}},"15":{"start":{"line":47,"column":39},"end":{"line":47,"column":58}},"16":{"start":{"line":49,"column":2},"end":{"line":49,"column":null}},"17":{"start":{"line":29,"column":0},"end":{"line":29,"column":16}},"18":{"start":{"line":96,"column":46},"end":{"line":96,"column":55}},"19":{"start":{"line":97,"column":15},"end":{"line":97,"column":20}},"20":{"start":{"line":98,"column":13},"end":{"line":98,"column":26}},"21":{"start":{"line":100,"column":15},"end":{"line":103,"column":3}},"22":{"start":{"line":101,"column":4},"end":{"line":101,"column":null}},"23":{"start":{"line":102,"column":4},"end":{"line":102,"column":null}},"24":{"start":{"line":105,"column":14},"end":{"line":111,"column":3}},"25":{"start":{"line":106,"column":4},"end":{"line":106,"column":null}},"26":{"start":{"line":107,"column":4},"end":{"line":110,"column":null}},"27":{"start":{"line":108,"column":6},"end":{"line":108,"column":null}},"28":{"start":{"line":109,"column":6},"end":{"line":109,"column":null}},"29":{"start":{"line":113,"column":22},"end":{"line":113,"column":58}},"30":{"start":{"line":113,"column":39},"end":{"line":113,"column":58}},"31":{"start":{"line":115,"column":2},"end":{"line":115,"column":null}},"32":{"start":{"line":95,"column":0},"end":{"line":95,"column":16}}},"fnMap":{"0":{"name":"useTimeLoop","decl":{"start":{"line":29,"column":16},"end":{"line":29,"column":27}},"loc":{"start":{"line":29,"column":47},"end":{"line":50,"column":1}}},"1":{"name":"(anonymous_1)","decl":{"start":{"line":35,"column":15},"end":{"line":35,"column":18}},"loc":{"start":{"line":35,"column":20},"end":{"line":39,"column":3}}},"2":{"name":"(anonymous_2)","decl":{"start":{"line":41,"column":14},"end":{"line":41,"column":15}},"loc":{"start":{"line":41,"column":32},"end":{"line":45,"column":3}}},"3":{"name":"(anonymous_3)","decl":{"start":{"line":47,"column":22},"end":{"line":47,"column":23}},"loc":{"start":{"line":47,"column":39},"end":{"line":47,"column":58}}},"4":{"name":"useTimeout","decl":{"start":{"line":95,"column":16},"end":{"line":95,"column":26}},"loc":{"start":{"line":95,"column":45},"end":{"line":116,"column":1}}},"5":{"name":"(anonymous_5)","decl":{"start":{"line":100,"column":15},"end":{"line":100,"column":18}},"loc":{"start":{"line":100,"column":20},"end":{"line":103,"column":3}}},"6":{"name":"(anonymous_6)","decl":{"start":{"line":105,"column":14},"end":{"line":105,"column":15}},"loc":{"start":{"line":105,"column":32},"end":{"line":111,"column":3}}},"7":{"name":"(anonymous_7)","decl":{"start":{"line":107,"column":28},"end":{"line":107,"column":33}},"loc":{"start":{"line":107,"column":39},"end":{"line":110,"column":5}}},"8":{"name":"(anonymous_8)","decl":{"start":{"line":113,"column":22},"end":{"line":113,"column":23}},"loc":{"start":{"line":113,"column":39},"end":{"line":113,"column":58}}}},"branchMap":{"0":{"loc":{"start":{"line":29,"column":45},"end":{"line":29,"column":47}},"type":"default-arg","locations":[{"start":{"line":29,"column":45},"end":{"line":29,"column":47}}]},"1":{"loc":{"start":{"line":36,"column":4},"end":{"line":36,"column":14}},"type":"binary-expr","locations":[{"start":{"line":36,"column":4},"end":{"line":36,"column":14}},{"start":{"line":36,"column":16},"end":{"line":36,"column":41}}]},"2":{"loc":{"start":{"line":95,"column":44},"end":{"line":95,"column":45}},"type":"default-arg","locations":[{"start":{"line":95,"column":44},"end":{"line":95,"column":45}}]},"3":{"loc":{"start":{"line":101,"column":4},"end":{"line":101,"column":14}},"type":"binary-expr","locations":[{"start":{"line":101,"column":4},"end":{"line":101,"column":14}},{"start":{"line":101,"column":16},"end":{"line":101,"column":40}}]},"4":{"loc":{"start":{"line":109,"column":6},"end":{"line":109,"column":17}},"type":"binary-expr","locations":[{"start":{"line":109,"column":6},"end":{"line":109,"column":17}},{"start":{"line":109,"column":21},"end":{"line":109,"column":26}}]}},"s":{"0":1,"1":1,"2":1,"3":0,"4":0,"5":0,"6":0,"7":0,"8":0,"9":0,"10":0,"11":0,"12":0,"13":0,"14":0,"15":0,"16":0,"17":1,"18":6,"19":6,"20":6,"21":6,"22":1,"23":1,"24":6,"25":13,"26":13,"27":8,"28":8,"29":6,"30":2,"31":6,"32":1},"f":{"0":0,"1":0,"2":0,"3":0,"4":6,"5":1,"6":13,"7":8,"8":2},"b":{"0":[0],"1":[0,0],"2":[0],"3":[1,1],"4":[8,8]}}
,"F:\\mony\\pc\\super-util\\pkgs\\vx-hooks\\src\\useToggle\\index.ts": {"path":"F:\\mony\\pc\\super-util\\pkgs\\vx-hooks\\src\\useToggle\\index.ts","statementMap":{"0":{"start":{"line":1,"column":0},"end":{"line":1,"column":null}},"1":{"start":{"line":31,"column":22},"end":{"line":31,"column":67}},"2":{"start":{"line":33,"column":16},"end":{"line":33,"column":32}},"3":{"start":{"line":34,"column":29},"end":{"line":34,"column":112}},"4":{"start":{"line":34,"column":46},"end":{"line":34,"column":110}},"5":{"start":{"line":37,"column":4},"end":{"line":39,"column":null}},"6":{"start":{"line":38,"column":6},"end":{"line":38,"column":null}},"7":{"start":{"line":40,"column":4},"end":{"line":40,"column":null}},"8":{"start":{"line":43,"column":18},"end":{"line":43,"column":53}},"9":{"start":{"line":43,"column":26},"end":{"line":43,"column":52}},"10":{"start":{"line":44,"column":19},"end":{"line":44,"column":67}},"11":{"start":{"line":44,"column":27},"end":{"line":44,"column":66}},"12":{"start":{"line":46,"column":2},"end":{"line":51,"column":null}},"13":{"start":{"line":30,"column":0},"end":{"line":30,"column":16}}},"fnMap":{"0":{"name":"useToggle","decl":{"start":{"line":30,"column":16},"end":{"line":30,"column":25}},"loc":{"start":{"line":30,"column":68},"end":{"line":52,"column":1}}},"1":{"name":"(anonymous_1)","decl":{"start":{"line":34,"column":38},"end":{"line":34,"column":41}},"loc":{"start":{"line":34,"column":43},"end":{"line":34,"column":111}}},"2":{"name":"toggle","decl":{"start":{"line":36,"column":11},"end":{"line":36,"column":17}},"loc":{"start":{"line":36,"column":28},"end":{"line":41,"column":3}}},"3":{"name":"(anonymous_3)","decl":{"start":{"line":43,"column":18},"end":{"line":43,"column":21}},"loc":{"start":{"line":43,"column":23},"end":{"line":43,"column":53}}},"4":{"name":"(anonymous_4)","decl":{"start":{"line":44,"column":19},"end":{"line":44,"column":22}},"loc":{"start":{"line":44,"column":24},"end":{"line":44,"column":67}}}},"branchMap":{"0":{"loc":{"start":{"line":31,"column":49},"end":{"line":31,"column":54}},"type":"cond-expr","locations":[{"start":{"line":31,"column":49},"end":{"line":31,"column":54}},{"start":{"line":31,"column":57},"end":{"line":31,"column":67}}]},"1":{"loc":{"start":{"line":34,"column":82},"end":{"line":34,"column":94}},"type":"cond-expr","locations":[{"start":{"line":34,"column":82},"end":{"line":34,"column":94}},{"start":{"line":34,"column":97},"end":{"line":34,"column":109}}]},"2":{"loc":{"start":{"line":37,"column":4},"end":{"line":39,"column":null}},"type":"if","locations":[{"start":{"line":37,"column":4},"end":{"line":39,"column":null}},{"start":{"line":37,"column":4},"end":{"line":39,"column":null}}]},"3":{"loc":{"start":{"line":38,"column":44},"end":{"line":38,"column":68}},"type":"cond-expr","locations":[{"start":{"line":38,"column":44},"end":{"line":38,"column":68}},{"start":{"line":38,"column":71},"end":{"line":38,"column":82}}]},"4":{"loc":{"start":{"line":40,"column":48},"end":{"line":40,"column":72}},"type":"cond-expr","locations":[{"start":{"line":40,"column":48},"end":{"line":40,"column":72}},{"start":{"line":40,"column":75},"end":{"line":40,"column":86}}]}},"s":{"0":1,"1":2,"2":2,"3":2,"4":2,"5":4,"6":4,"7":4,"8":2,"9":4,"10":2,"11":2,"12":2,"13":1},"f":{"0":2,"1":2,"2":4,"3":4,"4":2},"b":{"0":[1,1],"1":[1,1],"2":[4,0],"3":[2,2],"4":[2,2]}}
}
