TN:
SF:lib\index.js
FN:1,(anonymous_0)
FN:5,(anonymous_1)
FN:7,useToggle
FN:10,(anonymous_3)
FN:11,toggle
FN:17,(anonymous_5)
FN:18,(anonymous_6)
FN:36,useBool
FN:38,(anonymous_8)
FN:39,(anonymous_9)
FN:40,(anonymous_10)
FN:62,useMap
FN:65,(anonymous_12)
FN:66,(anonymous_13)
FN:72,(anonymous_14)
FN:75,(anonymous_15)
FN:79,(anonymous_16)
FN:80,(anonymous_17)
FN:118,useSet
FN:121,(anonymous_19)
FN:122,(anonymous_20)
FN:122,(anonymous_21)
FN:123,(anonymous_22)
FN:124,(anonymous_23)
FN:125,(anonymous_24)
FN:135,useTimeLoop
FN:139,(anonymous_26)
FN:144,(anonymous_27)
FN:149,(anonymous_28)
FN:152,useTimeout
FN:156,(anonymous_30)
FN:160,(anonymous_31)
FN:162,(anonymous_32)
FN:167,(anonymous_33)
FN:232,useMousewheel
FN:236,(anonymous_35)
FN:237,(anonymous_36)
FN:242,(anonymous_37)
FNF:38
FNH:2
FNDA:1,(anonymous_0)
FNDA:1,(anonymous_1)
FNDA:0,useToggle
FNDA:0,(anonymous_3)
FNDA:0,toggle
FNDA:0,(anonymous_5)
FNDA:0,(anonymous_6)
FNDA:0,useBool
FNDA:0,(anonymous_8)
FNDA:0,(anonymous_9)
FNDA:0,(anonymous_10)
FNDA:0,useMap
FNDA:0,(anonymous_12)
FNDA:0,(anonymous_13)
FNDA:0,(anonymous_14)
FNDA:0,(anonymous_15)
FNDA:0,(anonymous_16)
FNDA:0,(anonymous_17)
FNDA:0,useSet
FNDA:0,(anonymous_19)
FNDA:0,(anonymous_20)
FNDA:0,(anonymous_21)
FNDA:0,(anonymous_22)
FNDA:0,(anonymous_23)
FNDA:0,(anonymous_24)
FNDA:0,useTimeLoop
FNDA:0,(anonymous_26)
FNDA:0,(anonymous_27)
FNDA:0,(anonymous_28)
FNDA:0,useTimeout
FNDA:0,(anonymous_30)
FNDA:0,(anonymous_31)
FNDA:0,(anonymous_32)
FNDA:0,(anonymous_33)
FNDA:0,useMousewheel
FNDA:0,(anonymous_35)
FNDA:0,(anonymous_36)
FNDA:0,(anonymous_37)
DA:1,1
DA:2,1
DA:8,0
DA:9,0
DA:10,0
DA:12,0
DA:13,0
DA:15,0
DA:17,0
DA:18,0
DA:19,0
DA:37,0
DA:38,0
DA:39,0
DA:40,0
DA:41,0
DA:63,0
DA:64,0
DA:65,0
DA:66,0
DA:68,0
DA:70,0
DA:72,0
DA:73,0
DA:75,0
DA:76,0
DA:77,0
DA:79,0
DA:80,0
DA:81,0
DA:119,0
DA:120,0
DA:121,0
DA:122,0
DA:123,0
DA:124,0
DA:125,0
DA:126,0
DA:134,1
DA:136,0
DA:137,0
DA:138,0
DA:139,0
DA:140,0
DA:141,0
DA:142,0
DA:144,0
DA:145,0
DA:146,0
DA:147,0
DA:149,0
DA:150,0
DA:153,0
DA:154,0
DA:155,0
DA:156,0
DA:157,0
DA:158,0
DA:160,0
DA:161,0
DA:162,0
DA:163,0
DA:164,0
DA:167,0
DA:168,0
DA:233,0
DA:234,0
DA:235,0
DA:236,0
DA:237,0
DA:238,0
DA:239,0
DA:242,0
DA:243,0
DA:244,0
DA:246,0
DA:248,0
DA:261,1
DA:262,1
DA:263,1
DA:264,1
DA:265,1
DA:266,1
DA:267,1
DA:269,1
LF:85
LH:11
BRDA:2,0,0,1
BRDA:2,0,1,0
BRDA:2,1,0,1
BRDA:2,1,1,1
BRDA:3,2,0,0
BRDA:3,2,1,0
BRDA:3,3,0,0
BRDA:3,3,1,0
BRDA:4,4,0,0
BRDA:4,4,1,0
BRDA:4,5,0,0
BRDA:4,5,1,0
BRDA:8,6,0,0
BRDA:8,6,1,0
BRDA:10,7,0,0
BRDA:10,7,1,0
BRDA:12,8,0,0
BRDA:12,8,1,0
BRDA:13,9,0,0
BRDA:13,9,1,0
BRDA:15,10,0,0
BRDA:15,10,1,0
BRDA:36,11,0,0
BRDA:40,12,0,0
BRDA:40,12,1,0
BRDA:62,13,0,0
BRDA:118,14,0,0
BRDA:135,15,0,0
BRDA:140,16,0,0
BRDA:140,16,1,0
BRDA:152,17,0,0
BRDA:157,18,0,0
BRDA:157,18,1,0
BRDA:164,19,0,0
BRDA:164,19,1,0
BRDA:238,20,0,0
BRDA:238,20,1,0
BRDA:239,21,0,0
BRDA:239,21,1,0
BRDA:243,22,0,0
BRDA:243,22,1,0
BRF:41
BRH:3
end_of_record
TN:
SF:src\_utils\index.ts
FN:14,(anonymous_0)
FN:14,(anonymous_1)
FN:14,(anonymous_2)
FN:30,(anonymous_3)
FN:30,(anonymous_4)
FN:32,(anonymous_5)
FN:33,(anonymous_6)
FNF:7
FNH:7
FNDA:3,(anonymous_0)
FNDA:3,(anonymous_1)
FNDA:6,(anonymous_2)
FNDA:2,(anonymous_3)
FNDA:2,(anonymous_4)
FNDA:2,(anonymous_5)
FNDA:2,(anonymous_6)
DA:14,6
DA:30,2
DA:31,2
DA:32,2
DA:33,2
DA:39,1
DA:40,1
LF:7
LH:7
BRDA:30,0,0,1
BRDA:33,1,0,1
BRDA:33,1,1,1
BRF:3
BRH:3
end_of_record
TN:
SF:src\useBool\index.ts
FN:12,useBool
FN:19,(anonymous_1)
FN:20,(anonymous_2)
FN:21,(anonymous_3)
FNF:4
FNH:4
FNDA:12,useBool
FNDA:15,(anonymous_1)
FNDA:2,(anonymous_2)
FNDA:4,(anonymous_3)
DA:1,2
DA:12,2
DA:18,12
DA:19,15
DA:20,12
DA:21,12
DA:23,12
LF:7
LH:7
BRDA:12,0,0,12
BRDA:21,1,0,2
BRDA:21,1,1,2
BRF:3
BRH:3
end_of_record
TN:
SF:src\useMap\index.ts
FN:17,useMap
FN:30,(anonymous_1)
FN:32,(anonymous_2)
FN:40,(anonymous_3)
FN:44,(anonymous_4)
FN:49,(anonymous_5)
FN:50,(anonymous_6)
FNF:7
FNH:7
FNDA:1,useMap
FNDA:4,(anonymous_1)
FNDA:1,(anonymous_2)
FNDA:1,(anonymous_3)
FNDA:1,(anonymous_4)
FNDA:2,(anonymous_5)
FNDA:1,(anonymous_6)
DA:1,1
DA:17,1
DA:27,1
DA:28,1
DA:30,4
DA:32,1
DA:34,1
DA:37,1
DA:40,1
DA:41,1
DA:44,1
DA:45,1
DA:46,1
DA:49,2
DA:50,1
DA:52,1
LF:16
LH:16
BRDA:17,0,0,0
BRF:1
BRH:0
end_of_record
TN:
SF:src\useSet\index.ts
FN:37,useSet
FN:49,(anonymous_1)
FN:50,(anonymous_2)
FN:50,(anonymous_3)
FN:51,(anonymous_4)
FN:52,(anonymous_5)
FN:53,(anonymous_6)
FNF:7
FNH:7
FNDA:1,useSet
FNDA:1,(anonymous_1)
FNDA:2,(anonymous_2)
FNDA:3,(anonymous_3)
FNDA:3,(anonymous_4)
FNDA:2,(anonymous_5)
FNDA:1,(anonymous_6)
DA:1,1
DA:37,1
DA:46,1
DA:47,1
DA:49,1
DA:50,3
DA:51,3
DA:52,2
DA:53,1
DA:55,1
LF:10
LH:10
BRDA:37,0,0,0
BRF:1
BRH:0
end_of_record
TN:
SF:src\useTimeout\index.ts
FN:29,useTimeLoop
FN:35,(anonymous_1)
FN:41,(anonymous_2)
FN:47,(anonymous_3)
FN:95,useTimeout
FN:100,(anonymous_5)
FN:105,(anonymous_6)
FN:107,(anonymous_7)
FN:113,(anonymous_8)
FNF:9
FNH:5
FNDA:0,useTimeLoop
FNDA:0,(anonymous_1)
FNDA:0,(anonymous_2)
FNDA:0,(anonymous_3)
FNDA:6,useTimeout
FNDA:1,(anonymous_5)
FNDA:13,(anonymous_6)
FNDA:8,(anonymous_7)
FNDA:2,(anonymous_8)
DA:6,1
DA:7,1
DA:9,1
DA:29,1
DA:31,0
DA:32,0
DA:33,0
DA:35,0
DA:36,0
DA:37,0
DA:38,0
DA:41,0
DA:42,0
DA:43,0
DA:44,0
DA:47,0
DA:49,0
DA:95,1
DA:96,6
DA:97,6
DA:98,6
DA:100,6
DA:101,1
DA:102,1
DA:105,6
DA:106,13
DA:107,13
DA:108,8
DA:109,8
DA:113,6
DA:115,6
LF:31
LH:18
BRDA:29,0,0,0
BRDA:36,1,0,0
BRDA:36,1,1,0
BRDA:95,2,0,0
BRDA:101,3,0,1
BRDA:101,3,1,1
BRDA:109,4,0,8
BRDA:109,4,1,8
BRF:8
BRH:4
end_of_record
TN:
SF:src\useToggle\index.ts
FN:30,useToggle
FN:34,(anonymous_1)
FN:36,toggle
FN:43,(anonymous_3)
FN:44,(anonymous_4)
FNF:5
FNH:5
FNDA:2,useToggle
FNDA:2,(anonymous_1)
FNDA:4,toggle
FNDA:4,(anonymous_3)
FNDA:2,(anonymous_4)
DA:1,1
DA:30,1
DA:31,2
DA:33,2
DA:34,2
DA:37,4
DA:38,4
DA:40,4
DA:43,4
DA:44,2
DA:46,2
LF:11
LH:11
BRDA:31,0,0,1
BRDA:31,0,1,1
BRDA:34,1,0,1
BRDA:34,1,1,1
BRDA:37,2,0,4
BRDA:37,2,1,0
BRDA:38,3,0,2
BRDA:38,3,1,2
BRDA:40,4,0,2
BRDA:40,4,1,2
BRF:10
BRH:9
end_of_record
