TN:
SF:src\_utils\index.ts
FN:15,(anonymous_0)
FN:15,(anonymous_1)
FN:15,(anonymous_2)
FN:31,(anonymous_3)
FN:31,(anonymous_4)
FN:33,(anonymous_5)
FN:34,(anonymous_6)
FNF:7
FNH:7
FNDA:3,(anonymous_0)
FNDA:3,(anonymous_1)
FNDA:6,(anonymous_2)
FNDA:2,(anonymous_3)
FNDA:2,(anonymous_4)
FNDA:2,(anonymous_5)
FNDA:2,(anonymous_6)
DA:15,6
DA:31,2
DA:32,2
DA:33,2
DA:34,2
DA:40,1
DA:41,1
LF:7
LH:7
BRDA:31,0,0,1
BRDA:34,1,0,1
BRDA:34,1,1,1
BRF:3
BRH:3
end_of_record
TN:
SF:src\useBool\index.ts
FN:12,useBool
FN:19,(anonymous_1)
FN:20,(anonymous_2)
FN:21,(anonymous_3)
FNF:4
FNH:4
FNDA:12,useBool
FNDA:15,(anonymous_1)
FNDA:2,(anonymous_2)
FNDA:4,(anonymous_3)
DA:1,2
DA:12,2
DA:18,12
DA:19,15
DA:20,12
DA:21,12
DA:23,12
LF:7
LH:7
BRDA:12,0,0,12
BRDA:21,1,0,2
BRDA:21,1,1,2
BRF:3
BRH:3
end_of_record
TN:
SF:src\useMap\index.ts
FN:17,useMap
FN:30,(anonymous_1)
FN:32,(anonymous_2)
FN:40,(anonymous_3)
FN:44,(anonymous_4)
FN:49,(anonymous_5)
FN:50,(anonymous_6)
FNF:7
FNH:7
FNDA:1,useMap
FNDA:4,(anonymous_1)
FNDA:1,(anonymous_2)
FNDA:1,(anonymous_3)
FNDA:1,(anonymous_4)
FNDA:2,(anonymous_5)
FNDA:1,(anonymous_6)
DA:1,1
DA:17,1
DA:27,1
DA:28,1
DA:30,4
DA:32,1
DA:34,1
DA:37,1
DA:40,1
DA:41,1
DA:44,1
DA:45,1
DA:46,1
DA:49,2
DA:50,1
DA:52,1
LF:16
LH:16
BRDA:17,0,0,0
BRF:1
BRH:0
end_of_record
TN:
SF:src\useSet\index.ts
FN:37,useSet
FN:49,(anonymous_1)
FN:50,(anonymous_2)
FN:50,(anonymous_3)
FN:51,(anonymous_4)
FN:52,(anonymous_5)
FN:53,(anonymous_6)
FNF:7
FNH:7
FNDA:1,useSet
FNDA:1,(anonymous_1)
FNDA:2,(anonymous_2)
FNDA:3,(anonymous_3)
FNDA:3,(anonymous_4)
FNDA:2,(anonymous_5)
FNDA:1,(anonymous_6)
DA:1,1
DA:37,1
DA:46,1
DA:47,1
DA:49,1
DA:50,3
DA:51,3
DA:52,2
DA:53,1
DA:55,1
LF:10
LH:10
BRDA:37,0,0,0
BRF:1
BRH:0
end_of_record
TN:
SF:src\useTimeout\index.ts
FN:29,useTimeLoop
FN:35,(anonymous_1)
FN:41,(anonymous_2)
FN:47,(anonymous_3)
FN:95,useTimeout
FN:100,(anonymous_5)
FN:105,(anonymous_6)
FN:107,(anonymous_7)
FN:113,(anonymous_8)
FNF:9
FNH:5
FNDA:0,useTimeLoop
FNDA:0,(anonymous_1)
FNDA:0,(anonymous_2)
FNDA:0,(anonymous_3)
FNDA:6,useTimeout
FNDA:1,(anonymous_5)
FNDA:13,(anonymous_6)
FNDA:8,(anonymous_7)
FNDA:2,(anonymous_8)
DA:6,1
DA:7,1
DA:9,1
DA:29,1
DA:31,0
DA:32,0
DA:33,0
DA:35,0
DA:36,0
DA:37,0
DA:38,0
DA:41,0
DA:42,0
DA:43,0
DA:44,0
DA:47,0
DA:49,0
DA:95,1
DA:96,6
DA:97,6
DA:98,6
DA:100,6
DA:101,1
DA:102,1
DA:105,6
DA:106,13
DA:107,13
DA:108,8
DA:109,8
DA:113,6
DA:115,6
LF:31
LH:18
BRDA:29,0,0,0
BRDA:36,1,0,0
BRDA:36,1,1,0
BRDA:95,2,0,0
BRDA:101,3,0,1
BRDA:101,3,1,1
BRDA:109,4,0,8
BRDA:109,4,1,8
BRF:8
BRH:4
end_of_record
TN:
SF:src\useToggle\index.ts
FN:30,useToggle
FN:34,(anonymous_1)
FN:36,toggle
FN:43,(anonymous_3)
FN:44,(anonymous_4)
FNF:5
FNH:5
FNDA:2,useToggle
FNDA:2,(anonymous_1)
FNDA:4,toggle
FNDA:4,(anonymous_3)
FNDA:2,(anonymous_4)
DA:1,1
DA:30,1
DA:31,2
DA:33,2
DA:34,2
DA:37,4
DA:38,4
DA:40,4
DA:43,4
DA:44,2
DA:46,2
LF:11
LH:11
BRDA:31,0,0,1
BRDA:31,0,1,1
BRDA:34,1,0,1
BRDA:34,1,1,1
BRDA:37,2,0,4
BRDA:37,2,1,0
BRDA:38,3,0,2
BRDA:38,3,1,2
BRDA:40,4,0,2
BRDA:40,4,1,2
BRF:10
BRH:9
end_of_record
