{"F:\\mony\\pc\\super-util\\pkgs\\vx-tools\\src\\assert\\index.ts": {"path":"F:\\mony\\pc\\super-util\\pkgs\\vx-tools\\src\\assert\\index.ts","statementMap":{"0":{"start":{"line":7,"column":15},"end":{"line":7,"column":51}},"1":{"start":{"line":8,"column":2},"end":{"line":8,"column":null}},"2":{"start":{"line":6,"column":0},"end":{"line":6,"column":16}},"3":{"start":{"line":17,"column":2},"end":{"line":17,"column":null}},"4":{"start":{"line":16,"column":0},"end":{"line":16,"column":16}},"5":{"start":{"line":22,"column":24},"end":{"line":22,"column":78}},"6":{"start":{"line":22,"column":55},"end":{"line":22,"column":78}},"7":{"start":{"line":22,"column":13},"end":{"line":22,"column":24}},"8":{"start":{"line":23,"column":24},"end":{"line":23,"column":78}},"9":{"start":{"line":23,"column":55},"end":{"line":23,"column":78}},"10":{"start":{"line":23,"column":13},"end":{"line":23,"column":24}},"11":{"start":{"line":24,"column":25},"end":{"line":24,"column":81}},"12":{"start":{"line":24,"column":57},"end":{"line":24,"column":81}},"13":{"start":{"line":24,"column":13},"end":{"line":24,"column":25}},"14":{"start":{"line":25,"column":27},"end":{"line":25,"column":79}},"15":{"start":{"line":25,"column":61},"end":{"line":25,"column":79}},"16":{"start":{"line":25,"column":13},"end":{"line":25,"column":27}},"17":{"start":{"line":26,"column":22},"end":{"line":26,"column":64}},"18":{"start":{"line":26,"column":51},"end":{"line":26,"column":64}},"19":{"start":{"line":26,"column":13},"end":{"line":26,"column":22}},"20":{"start":{"line":28,"column":23},"end":{"line":28,"column":75}},"21":{"start":{"line":28,"column":53},"end":{"line":28,"column":75}},"22":{"start":{"line":28,"column":13},"end":{"line":28,"column":23}},"23":{"start":{"line":29,"column":26},"end":{"line":29,"column":111}},"24":{"start":{"line":29,"column":86},"end":{"line":29,"column":111}},"25":{"start":{"line":29,"column":13},"end":{"line":29,"column":26}},"26":{"start":{"line":30,"column":24},"end":{"line":30,"column":89}},"27":{"start":{"line":30,"column":66},"end":{"line":30,"column":89}},"28":{"start":{"line":30,"column":13},"end":{"line":30,"column":24}},"29":{"start":{"line":33,"column":27},"end":{"line":33,"column":89}},"30":{"start":{"line":33,"column":58},"end":{"line":33,"column":89}},"31":{"start":{"line":33,"column":13},"end":{"line":33,"column":27}},"32":{"start":{"line":34,"column":26},"end":{"line":34,"column":97}},"33":{"start":{"line":34,"column":57},"end":{"line":34,"column":97}},"34":{"start":{"line":34,"column":13},"end":{"line":34,"column":26}}},"fnMap":{"0":{"name":"type","decl":{"start":{"line":6,"column":16},"end":{"line":6,"column":20}},"loc":{"start":{"line":6,"column":33},"end":{"line":9,"column":1}}},"1":{"name":"isType","decl":{"start":{"line":16,"column":16},"end":{"line":16,"column":22}},"loc":{"start":{"line":16,"column":51},"end":{"line":18,"column":1}}},"2":{"name":"(anonymous_2)","decl":{"start":{"line":22,"column":24},"end":{"line":22,"column":25}},"loc":{"start":{"line":22,"column":55},"end":{"line":22,"column":78}}},"3":{"name":"(anonymous_3)","decl":{"start":{"line":23,"column":24},"end":{"line":23,"column":25}},"loc":{"start":{"line":23,"column":55},"end":{"line":23,"column":78}}},"4":{"name":"(anonymous_4)","decl":{"start":{"line":24,"column":25},"end":{"line":24,"column":26}},"loc":{"start":{"line":24,"column":57},"end":{"line":24,"column":81}}},"5":{"name":"(anonymous_5)","decl":{"start":{"line":25,"column":27},"end":{"line":25,"column":28}},"loc":{"start":{"line":25,"column":61},"end":{"line":25,"column":79}}},"6":{"name":"(anonymous_6)","decl":{"start":{"line":26,"column":22},"end":{"line":26,"column":23}},"loc":{"start":{"line":26,"column":51},"end":{"line":26,"column":64}}},"7":{"name":"(anonymous_7)","decl":{"start":{"line":28,"column":23},"end":{"line":28,"column":24}},"loc":{"start":{"line":28,"column":53},"end":{"line":28,"column":75}}},"8":{"name":"(anonymous_8)","decl":{"start":{"line":29,"column":26},"end":{"line":29,"column":61}},"loc":{"start":{"line":29,"column":86},"end":{"line":29,"column":111}}},"9":{"name":"(anonymous_9)","decl":{"start":{"line":30,"column":24},"end":{"line":30,"column":25}},"loc":{"start":{"line":30,"column":66},"end":{"line":30,"column":89}}},"10":{"name":"(anonymous_10)","decl":{"start":{"line":33,"column":27},"end":{"line":33,"column":28}},"loc":{"start":{"line":33,"column":58},"end":{"line":33,"column":89}}},"11":{"name":"(anonymous_11)","decl":{"start":{"line":34,"column":26},"end":{"line":34,"column":27}},"loc":{"start":{"line":34,"column":57},"end":{"line":34,"column":97}}}},"branchMap":{},"s":{"0":19,"1":19,"2":2,"3":1,"4":2,"5":2,"6":2,"7":2,"8":2,"9":2,"10":2,"11":2,"12":6,"13":2,"14":2,"15":2,"16":2,"17":2,"18":2,"19":2,"20":2,"21":2,"22":2,"23":2,"24":2,"25":2,"26":2,"27":3,"28":2,"29":2,"30":0,"31":2,"32":2,"33":0,"34":2},"f":{"0":19,"1":1,"2":2,"3":2,"4":6,"5":2,"6":2,"7":2,"8":2,"9":3,"10":0,"11":0},"b":{}}
,"F:\\mony\\pc\\super-util\\pkgs\\vx-tools\\src\\asyncFormat\\index.ts": {"path":"F:\\mony\\pc\\super-util\\pkgs\\vx-tools\\src\\asyncFormat\\index.ts","statementMap":{"0":{"start":{"line":20,"column":2},"end":{"line":20,"column":null}},"1":{"start":{"line":20,"column":29},"end":{"line":20,"column":53}},"2":{"start":{"line":20,"column":73},"end":{"line":20,"column":84}},"3":{"start":{"line":19,"column":0},"end":{"line":19,"column":7}}},"fnMap":{"0":{"name":"asyncFormat","decl":{"start":{"line":19,"column":22},"end":{"line":19,"column":33}},"loc":{"start":{"line":19,"column":64},"end":{"line":21,"column":1}}},"1":{"name":"(anonymous_1)","decl":{"start":{"line":20,"column":22},"end":{"line":20,"column":25}},"loc":{"start":{"line":20,"column":29},"end":{"line":20,"column":53}}},"2":{"name":"(anonymous_2)","decl":{"start":{"line":20,"column":62},"end":{"line":20,"column":63}},"loc":{"start":{"line":20,"column":73},"end":{"line":20,"column":84}}}},"branchMap":{},"s":{"0":2,"1":1,"2":1,"3":1},"f":{"0":2,"1":1,"2":1},"b":{}}
,"F:\\mony\\pc\\super-util\\pkgs\\vx-tools\\src\\delay\\index.ts": {"path":"F:\\mony\\pc\\super-util\\pkgs\\vx-tools\\src\\delay\\index.ts","statementMap":{"0":{"start":{"line":8,"column":2},"end":{"line":12,"column":null}},"1":{"start":{"line":9,"column":4},"end":{"line":11,"column":null}},"2":{"start":{"line":10,"column":6},"end":{"line":10,"column":null}},"3":{"start":{"line":7,"column":0},"end":{"line":7,"column":16}}},"fnMap":{"0":{"name":"delay","decl":{"start":{"line":7,"column":16},"end":{"line":7,"column":21}},"loc":{"start":{"line":7,"column":55},"end":{"line":13,"column":1}}},"1":{"name":"(anonymous_1)","decl":{"start":{"line":8,"column":21},"end":{"line":8,"column":22}},"loc":{"start":{"line":8,"column":33},"end":{"line":12,"column":3}}},"2":{"name":"(anonymous_2)","decl":{"start":{"line":9,"column":15},"end":{"line":9,"column":18}},"loc":{"start":{"line":9,"column":20},"end":{"line":11,"column":5}}}},"branchMap":{"0":{"loc":{"start":{"line":10,"column":19},"end":{"line":10,"column":23}},"type":"cond-expr","locations":[{"start":{"line":10,"column":19},"end":{"line":10,"column":23}},{"start":{"line":10,"column":26},"end":{"line":10,"column":30}}]}},"s":{"0":2,"1":2,"2":2,"3":1},"f":{"0":2,"1":2,"2":2},"b":{"0":[1,1]}}
,"F:\\mony\\pc\\super-util\\pkgs\\vx-tools\\src\\joinUrlParams\\index.ts": {"path":"F:\\mony\\pc\\super-util\\pkgs\\vx-tools\\src\\joinUrlParams\\index.ts","statementMap":{"0":{"start":{"line":9,"column":2},"end":{"line":9,"column":null}},"1":{"start":{"line":9,"column":11},"end":{"line":9,"column":23}},"2":{"start":{"line":10,"column":2},"end":{"line":10,"column":null}},"3":{"start":{"line":10,"column":75},"end":{"line":10,"column":120}},"4":{"start":{"line":8,"column":0},"end":{"line":8,"column":16}}},"fnMap":{"0":{"name":"joinUrlParams","decl":{"start":{"line":8,"column":16},"end":{"line":8,"column":29}},"loc":{"start":{"line":8,"column":77},"end":{"line":11,"column":1}}},"1":{"name":"(anonymous_1)","decl":{"start":{"line":10,"column":41},"end":{"line":10,"column":43}},"loc":{"start":{"line":10,"column":75},"end":{"line":10,"column":120}}}},"branchMap":{"0":{"loc":{"start":{"line":9,"column":2},"end":{"line":9,"column":null}},"type":"if","locations":[{"start":{"line":9,"column":2},"end":{"line":9,"column":null}},{"start":{"line":9,"column":2},"end":{"line":9,"column":null}}]},"1":{"loc":{"start":{"line":10,"column":93},"end":{"line":10,"column":96}},"type":"cond-expr","locations":[{"start":{"line":10,"column":93},"end":{"line":10,"column":96}},{"start":{"line":10,"column":99},"end":{"line":10,"column":103}}]}},"s":{"0":1,"1":0,"2":1,"3":2,"4":1},"f":{"0":1,"1":2},"b":{"0":[0,1],"1":[1,1]}}
,"F:\\mony\\pc\\super-util\\pkgs\\vx-tools\\src\\localSave\\index.ts": {"path":"F:\\mony\\pc\\super-util\\pkgs\\vx-tools\\src\\localSave\\index.ts","statementMap":{"0":{"start":{"line":8,"column":15},"end":{"line":8,"column":20}},"1":{"start":{"line":31,"column":2},"end":{"line":31,"column":null}},"2":{"start":{"line":31,"column":15},"end":{"line":31,"column":21}},"3":{"start":{"line":33,"column":2},"end":{"line":33,"column":null}},"4":{"start":{"line":34,"column":2},"end":{"line":34,"column":null}},"5":{"start":{"line":36,"column":2},"end":{"line":36,"column":null}},"6":{"start":{"line":37,"column":2},"end":{"line":37,"column":null}},"7":{"start":{"line":39,"column":2},"end":{"line":39,"column":null}},"8":{"start":{"line":30,"column":0},"end":{"line":30,"column":16}},"9":{"start":{"line":43,"column":2},"end":{"line":51,"column":null}},"10":{"start":{"line":44,"column":4},"end":{"line":50,"column":null}},"11":{"start":{"line":45,"column":22},"end":{"line":45,"column":42}},"12":{"start":{"line":46,"column":6},"end":{"line":46,"column":null}},"13":{"start":{"line":48,"column":6},"end":{"line":48,"column":null}},"14":{"start":{"line":49,"column":6},"end":{"line":49,"column":null}},"15":{"start":{"line":42,"column":0},"end":{"line":42,"column":16}},"16":{"start":{"line":55,"column":2},"end":{"line":63,"column":null}},"17":{"start":{"line":56,"column":20},"end":{"line":56,"column":40}},"18":{"start":{"line":57,"column":4},"end":{"line":62,"column":null}},"19":{"start":{"line":58,"column":6},"end":{"line":58,"column":null}},"20":{"start":{"line":60,"column":6},"end":{"line":60,"column":null}},"21":{"start":{"line":61,"column":6},"end":{"line":61,"column":null}},"22":{"start":{"line":54,"column":0},"end":{"line":54,"column":16}}},"fnMap":{"0":{"name":"registSaveFn","decl":{"start":{"line":30,"column":16},"end":{"line":30,"column":28}},"loc":{"start":{"line":30,"column":28},"end":{"line":40,"column":1}}},"1":{"name":"buildSetItem","decl":{"start":{"line":42,"column":16},"end":{"line":42,"column":28}},"loc":{"start":{"line":42,"column":81},"end":{"line":52,"column":1}}},"2":{"name":"(anonymous_2)","decl":{"start":{"line":43,"column":9},"end":{"line":43,"column":19}},"loc":{"start":{"line":43,"column":43},"end":{"line":51,"column":3}}},"3":{"name":"buildGetItem","decl":{"start":{"line":54,"column":16},"end":{"line":54,"column":28}},"loc":{"start":{"line":54,"column":81},"end":{"line":64,"column":1}}},"4":{"name":"(anonymous_4)","decl":{"start":{"line":55,"column":9},"end":{"line":55,"column":19}},"loc":{"start":{"line":55,"column":44},"end":{"line":63,"column":3}}}},"branchMap":{"0":{"loc":{"start":{"line":31,"column":2},"end":{"line":31,"column":null}},"type":"if","locations":[{"start":{"line":31,"column":2},"end":{"line":31,"column":null}},{"start":{"line":31,"column":2},"end":{"line":31,"column":null}}]},"1":{"loc":{"start":{"line":58,"column":23},"end":{"line":58,"column":42}},"type":"cond-expr","locations":[{"start":{"line":58,"column":23},"end":{"line":58,"column":42}},{"start":{"line":58,"column":45},"end":{"line":58,"column":49}}]}},"s":{"0":1,"1":1,"2":0,"3":1,"4":1,"5":1,"6":1,"7":1,"8":1,"9":2,"10":4,"11":4,"12":4,"13":0,"14":0,"15":1,"16":2,"17":5,"18":5,"19":5,"20":0,"21":0,"22":1},"f":{"0":1,"1":2,"2":4,"3":2,"4":5},"b":{"0":[0,1],"1":[5,0]}}
,"F:\\mony\\pc\\super-util\\pkgs\\vx-tools\\src\\objectFilter\\index.ts": {"path":"F:\\mony\\pc\\super-util\\pkgs\\vx-tools\\src\\objectFilter\\index.ts","statementMap":{"0":{"start":{"line":19,"column":2},"end":{"line":24,"column":null}},"1":{"start":{"line":20,"column":4},"end":{"line":23,"column":null}},"2":{"start":{"line":18,"column":0},"end":{"line":18,"column":16}}},"fnMap":{"0":{"name":"objectFilter","decl":{"start":{"line":18,"column":16},"end":{"line":18,"column":28}},"loc":{"start":{"line":18,"column":98},"end":{"line":25,"column":1}}},"1":{"name":"(anonymous_1)","decl":{"start":{"line":19,"column":21},"end":{"line":19,"column":22}},"loc":{"start":{"line":19,"column":44},"end":{"line":24,"column":3}}}},"branchMap":{"0":{"loc":{"start":{"line":22,"column":14},"end":{"line":22,"column":26}},"type":"binary-expr","locations":[{"start":{"line":22,"column":14},"end":{"line":22,"column":26}},{"start":{"line":22,"column":30},"end":{"line":22,"column":39}}]}},"s":{"0":2,"1":5,"2":1},"f":{"0":2,"1":5},"b":{"0":[5,0]}}
}
