TN:
SF:src\assert\index.ts
FN:6,type
FN:16,isType
FN:22,(anonymous_2)
FN:23,(anonymous_3)
FN:24,(anonymous_4)
FN:25,(anonymous_5)
FN:26,(anonymous_6)
FN:28,(anonymous_7)
FN:29,(anonymous_8)
FN:30,(anonymous_9)
FN:33,(anonymous_10)
FN:34,(anonymous_11)
FNF:12
FNH:10
FNDA:19,type
FNDA:1,isType
FNDA:2,(anonymous_2)
FNDA:2,(anonymous_3)
FNDA:6,(anonymous_4)
FNDA:2,(anonymous_5)
FNDA:2,(anonymous_6)
FNDA:2,(anonymous_7)
FNDA:2,(anonymous_8)
FNDA:3,(anonymous_9)
FNDA:0,(anonymous_10)
FNDA:0,(anonymous_11)
DA:6,2
DA:7,19
DA:8,19
DA:16,2
DA:17,1
DA:22,2
DA:23,2
DA:24,6
DA:25,2
DA:26,2
DA:28,2
DA:29,2
DA:30,3
DA:33,2
DA:34,2
LF:15
LH:15
BRF:0
BRH:0
end_of_record
TN:
SF:src\asyncFormat\index.ts
FN:19,asyncFormat
FN:20,(anonymous_1)
FN:20,(anonymous_2)
FNF:3
FNH:3
FNDA:2,asyncFormat
FNDA:1,(anonymous_1)
FNDA:1,(anonymous_2)
DA:19,1
DA:20,2
LF:2
LH:2
BRF:0
BRH:0
end_of_record
TN:
SF:src\delay\index.ts
FN:7,delay
FN:8,(anonymous_1)
FN:9,(anonymous_2)
FNF:3
FNH:3
FNDA:2,delay
FNDA:2,(anonymous_1)
FNDA:2,(anonymous_2)
DA:7,1
DA:8,2
DA:9,2
DA:10,2
LF:4
LH:4
BRDA:10,0,0,1
BRDA:10,0,1,1
BRF:2
BRH:2
end_of_record
TN:
SF:src\joinUrlParams\index.ts
FN:8,joinUrlParams
FN:10,(anonymous_1)
FNF:2
FNH:2
FNDA:1,joinUrlParams
FNDA:2,(anonymous_1)
DA:8,1
DA:9,1
DA:10,2
LF:3
LH:3
BRDA:9,0,0,0
BRDA:9,0,1,1
BRDA:10,1,0,1
BRDA:10,1,1,1
BRF:4
BRH:3
end_of_record
TN:
SF:src\localSave\index.ts
FN:30,registSaveFn
FN:42,buildSetItem
FN:43,(anonymous_2)
FN:54,buildGetItem
FN:55,(anonymous_4)
FNF:5
FNH:5
FNDA:1,registSaveFn
FNDA:2,buildSetItem
FNDA:4,(anonymous_2)
FNDA:2,buildGetItem
FNDA:5,(anonymous_4)
DA:8,1
DA:30,1
DA:31,1
DA:33,1
DA:34,1
DA:36,1
DA:37,1
DA:39,1
DA:42,1
DA:43,2
DA:44,4
DA:45,4
DA:46,4
DA:48,0
DA:49,0
DA:54,1
DA:55,2
DA:56,5
DA:57,5
DA:58,5
DA:60,0
DA:61,0
LF:22
LH:18
BRDA:31,0,0,0
BRDA:31,0,1,1
BRDA:58,1,0,5
BRDA:58,1,1,0
BRF:4
BRH:2
end_of_record
TN:
SF:src\objectFilter\index.ts
FN:18,objectFilter
FN:19,(anonymous_1)
FNF:2
FNH:2
FNDA:2,objectFilter
FNDA:5,(anonymous_1)
DA:18,1
DA:19,2
DA:20,5
LF:3
LH:3
BRDA:22,0,0,5
BRDA:22,0,1,0
BRF:2
BRH:1
end_of_record
